{"/home/travis/build/npmtest/node-npmtest-ibm-blockchain-js/test.js":{"path":"/home/travis/build/npmtest/node-npmtest-ibm-blockchain-js/test.js","s":{"1":2,"2":2,"3":2,"4":2,"5":2,"6":2,"7":2,"8":1,"9":2,"10":2,"11":1,"12":1,"13":1,"14":1,"15":2,"16":2,"17":2,"18":2,"19":1,"20":1,"21":2,"22":2,"23":2,"24":1,"25":1,"26":1,"27":1,"28":1,"29":1,"30":1,"31":1,"32":1,"33":1,"34":1,"35":1,"36":1,"37":1,"38":1,"39":2,"40":2,"41":1,"42":2,"43":2,"44":1,"45":2,"46":2,"47":1,"48":2,"49":2,"50":1,"51":1,"52":1,"53":1,"54":1},"b":{"1":[2,1,1,1],"2":[1,1,1,1],"3":[1,1],"4":[1,1],"5":[1,1],"6":[1,1],"7":[1,1],"8":[1,1],"9":[1,1],"10":[1,1,1],"11":[1,1],"12":[1,1],"13":[1,1],"14":[1,1],"15":[1,1],"16":[1,1],"17":[1,1]},"f":{"1":2,"2":2,"3":2,"4":2,"5":2,"6":1,"7":1,"8":1,"9":2,"10":2,"11":2,"12":2,"13":1},"fnMap":{"1":{"name":"(anonymous_1)","line":12,"loc":{"start":{"line":12,"column":1},"end":{"line":12,"column":13}}},"2":{"name":"(anonymous_2)","line":19,"loc":{"start":{"line":19,"column":5},"end":{"line":19,"column":17}}},"3":{"name":"(anonymous_3)","line":23,"loc":{"start":{"line":23,"column":24},"end":{"line":23,"column":36}}},"4":{"name":"(anonymous_4)","line":61,"loc":{"start":{"line":61,"column":5},"end":{"line":61,"column":17}}},"5":{"name":"(anonymous_5)","line":82,"loc":{"start":{"line":82,"column":5},"end":{"line":82,"column":17}}},"6":{"name":"(anonymous_6)","line":91,"loc":{"start":{"line":91,"column":77},"end":{"line":94,"column":10}}},"7":{"name":"(anonymous_7)","line":112,"loc":{"start":{"line":112,"column":83},"end":{"line":115,"column":10}},"skip":true},"8":{"name":"(anonymous_8)","line":123,"loc":{"start":{"line":123,"column":77},"end":{"line":126,"column":10}},"skip":true},"9":{"name":"(anonymous_9)","line":139,"loc":{"start":{"line":139,"column":12},"end":{"line":139,"column":40}},"skip":true},"10":{"name":"(anonymous_10)","line":147,"loc":{"start":{"line":147,"column":77},"end":{"line":150,"column":10}},"skip":true},"11":{"name":"(anonymous_11)","line":158,"loc":{"start":{"line":158,"column":83},"end":{"line":161,"column":10}},"skip":true},"12":{"name":"(anonymous_12)","line":169,"loc":{"start":{"line":169,"column":79},"end":{"line":172,"column":10}},"skip":true},"13":{"name":"(anonymous_13)","line":180,"loc":{"start":{"line":180,"column":75},"end":{"line":183,"column":10}},"skip":true}},"statementMap":{"1":{"start":{"line":12,"column":0},"end":{"line":195,"column":5}},"2":{"start":{"line":14,"column":4},"end":{"line":14,"column":14}},"3":{"start":{"line":19,"column":4},"end":{"line":56,"column":9}},"4":{"start":{"line":21,"column":8},"end":{"line":21,"column":19}},"5":{"start":{"line":23,"column":8},"end":{"line":35,"column":13}},"6":{"start":{"line":24,"column":12},"end":{"line":34,"column":13}},"7":{"start":{"line":25,"column":16},"end":{"line":28,"column":30}},"8":{"start":{"line":30,"column":16},"end":{"line":33,"column":27}},"9":{"start":{"line":37,"column":8},"end":{"line":39,"column":21}},"10":{"start":{"line":40,"column":8},"end":{"line":53,"column":9}},"11":{"start":{"line":43,"column":12},"end":{"line":46,"column":14}},"12":{"start":{"line":47,"column":12},"end":{"line":47,"column":18}},"13":{"start":{"line":50,"column":12},"end":{"line":51,"column":33}},"14":{"start":{"line":52,"column":12},"end":{"line":52,"column":18}},"15":{"start":{"line":55,"column":8},"end":{"line":55,"column":35}},"16":{"start":{"line":61,"column":4},"end":{"line":63,"column":9}},"17":{"start":{"line":62,"column":8},"end":{"line":62,"column":15}},"18":{"start":{"line":64,"column":4},"end":{"line":77,"column":5}},"19":{"start":{"line":70,"column":8},"end":{"line":70,"column":14}},"20":{"start":{"line":76,"column":8},"end":{"line":76,"column":14}},"21":{"start":{"line":82,"column":4},"end":{"line":84,"column":9}},"22":{"start":{"line":83,"column":8},"end":{"line":83,"column":15}},"23":{"start":{"line":85,"column":4},"end":{"line":194,"column":5}},"24":{"start":{"line":91,"column":8},"end":{"line":99,"column":10}},"25":{"start":{"line":98,"column":12},"end":{"line":98,"column":35}},"26":{"start":{"line":102,"column":8},"end":{"line":104,"column":63}},"27":{"start":{"line":105,"column":8},"end":{"line":105,"column":14}},"28":{"start":{"line":112,"column":8},"end":{"line":121,"column":10},"skip":true},"29":{"start":{"line":119,"column":12},"end":{"line":119,"column":55},"skip":true},"30":{"start":{"line":120,"column":12},"end":{"line":120,"column":48},"skip":true},"31":{"start":{"line":123,"column":8},"end":{"line":136,"column":10},"skip":true},"32":{"start":{"line":130,"column":12},"end":{"line":130,"column":76},"skip":true},"33":{"start":{"line":131,"column":12},"end":{"line":131,"column":73},"skip":true},"34":{"start":{"line":132,"column":12},"end":{"line":132,"column":74},"skip":true},"35":{"start":{"line":133,"column":12},"end":{"line":133,"column":79},"skip":true},"36":{"start":{"line":134,"column":12},"end":{"line":134,"column":25},"skip":true},"37":{"start":{"line":135,"column":12},"end":{"line":135,"column":45},"skip":true},"38":{"start":{"line":138,"column":8},"end":{"line":145,"column":14},"skip":true},"39":{"start":{"line":143,"column":16},"end":{"line":143,"column":29},"skip":true},"40":{"start":{"line":144,"column":16},"end":{"line":144,"column":55},"skip":true},"41":{"start":{"line":147,"column":8},"end":{"line":156,"column":10},"skip":true},"42":{"start":{"line":154,"column":12},"end":{"line":154,"column":25},"skip":true},"43":{"start":{"line":155,"column":12},"end":{"line":155,"column":45},"skip":true},"44":{"start":{"line":158,"column":8},"end":{"line":167,"column":10},"skip":true},"45":{"start":{"line":165,"column":12},"end":{"line":165,"column":25},"skip":true},"46":{"start":{"line":166,"column":12},"end":{"line":166,"column":48},"skip":true},"47":{"start":{"line":169,"column":8},"end":{"line":178,"column":10},"skip":true},"48":{"start":{"line":176,"column":12},"end":{"line":176,"column":25},"skip":true},"49":{"start":{"line":177,"column":12},"end":{"line":177,"column":46},"skip":true},"50":{"start":{"line":180,"column":8},"end":{"line":189,"column":10},"skip":true},"51":{"start":{"line":187,"column":12},"end":{"line":187,"column":94},"skip":true},"52":{"start":{"line":188,"column":12},"end":{"line":188,"column":48},"skip":true},"53":{"start":{"line":192,"column":8},"end":{"line":192,"column":35},"skip":true},"54":{"start":{"line":193,"column":8},"end":{"line":193,"column":14},"skip":true}},"branchMap":{"1":{"line":25,"type":"binary-expr","locations":[{"start":{"line":25,"column":23},"end":{"line":25,"column":62}},{"start":{"line":26,"column":20},"end":{"line":26,"column":70}},{"start":{"line":27,"column":20},"end":{"line":27,"column":71}},{"start":{"line":28,"column":20},"end":{"line":28,"column":29}}]},"2":{"line":30,"type":"binary-expr","locations":[{"start":{"line":30,"column":23},"end":{"line":30,"column":37}},{"start":{"line":31,"column":20},"end":{"line":31,"column":61}},{"start":{"line":32,"column":20},"end":{"line":32,"column":70}},{"start":{"line":33,"column":20},"end":{"line":33,"column":26}}]},"3":{"line":37,"type":"cond-expr","locations":[{"start":{"line":38,"column":14},"end":{"line":38,"column":20}},{"start":{"line":39,"column":14},"end":{"line":39,"column":20}}]},"4":{"line":40,"type":"switch","locations":[{"start":{"line":42,"column":8},"end":{"line":47,"column":18}},{"start":{"line":49,"column":8},"end":{"line":52,"column":18}}]},"5":{"line":44,"type":"binary-expr","locations":[{"start":{"line":44,"column":16},"end":{"line":44,"column":44}},{"start":{"line":44,"column":48},"end":{"line":44,"column":66}}]},"6":{"line":50,"type":"binary-expr","locations":[{"start":{"line":50,"column":21},"end":{"line":50,"column":49}},{"start":{"line":50,"column":53},"end":{"line":50,"column":72}}]},"7":{"line":64,"type":"switch","locations":[{"start":{"line":69,"column":4},"end":{"line":70,"column":14}},{"start":{"line":75,"column":4},"end":{"line":76,"column":14}}]},"8":{"line":85,"type":"switch","locations":[{"start":{"line":90,"column":4},"end":{"line":105,"column":14}},{"start":{"line":111,"column":4},"end":{"line":193,"column":14},"skip":true}]},"9":{"line":91,"type":"binary-expr","locations":[{"start":{"line":91,"column":42},"end":{"line":91,"column":73}},{"start":{"line":91,"column":77},"end":{"line":99,"column":9}}]},"10":{"line":102,"type":"binary-expr","locations":[{"start":{"line":102,"column":18},"end":{"line":102,"column":32}},{"start":{"line":103,"column":12},"end":{"line":103,"column":53}},{"start":{"line":104,"column":12},"end":{"line":104,"column":61}}]},"11":{"line":112,"type":"binary-expr","locations":[{"start":{"line":112,"column":45},"end":{"line":112,"column":79},"skip":true},{"start":{"line":112,"column":83},"end":{"line":121,"column":9},"skip":true}]},"12":{"line":123,"type":"binary-expr","locations":[{"start":{"line":123,"column":42},"end":{"line":123,"column":73},"skip":true},{"start":{"line":123,"column":77},"end":{"line":136,"column":9},"skip":true}]},"13":{"line":138,"type":"binary-expr","locations":[{"start":{"line":138,"column":48},"end":{"line":138,"column":85},"skip":true},{"start":{"line":139,"column":12},"end":{"line":145,"column":13},"skip":true}]},"14":{"line":147,"type":"binary-expr","locations":[{"start":{"line":147,"column":42},"end":{"line":147,"column":73},"skip":true},{"start":{"line":147,"column":77},"end":{"line":156,"column":9},"skip":true}]},"15":{"line":158,"type":"binary-expr","locations":[{"start":{"line":158,"column":45},"end":{"line":158,"column":79},"skip":true},{"start":{"line":158,"column":83},"end":{"line":167,"column":9},"skip":true}]},"16":{"line":169,"type":"binary-expr","locations":[{"start":{"line":169,"column":43},"end":{"line":169,"column":75},"skip":true},{"start":{"line":169,"column":79},"end":{"line":178,"column":9},"skip":true}]},"17":{"line":180,"type":"binary-expr","locations":[{"start":{"line":180,"column":41},"end":{"line":180,"column":71},"skip":true},{"start":{"line":180,"column":75},"end":{"line":189,"column":9},"skip":true}]}},"code":["/* istanbul instrument in package npmtest_ibm_blockchain_js */","/*jslint","    bitwise: true,","    browser: true,","    maxerr: 8,","    maxlen: 96,","    node: true,","    nomen: true,","    regexp: true,","    stupid: true","*/","(function () {","    'use strict';","    var local;","","","","    // run shared js-env code - pre-init","    (function () {","        // init local","        local = {};","        // init modeJs","        local.modeJs = (function () {","            try {","                return typeof navigator.userAgent === 'string' &&","                    typeof document.querySelector('body') === 'object' &&","                    typeof XMLHttpRequest.prototype.open === 'function' &&","                    'browser';","            } catch (errorCaughtBrowser) {","                return module.exports &&","                    typeof process.versions.node === 'string' &&","                    typeof require('http').createServer === 'function' &&","                    'node';","            }","        }());","        // init global","        local.global = local.modeJs === 'browser'","            ? window","            : global;","        switch (local.modeJs) {","        // re-init local from window.local","        case 'browser':","            local = local.global.utility2.objectSetDefault(","                local.global.utility2_rollup || local.global.local,","                local.global.utility2","            );","            break;","        // re-init local from example.js","        case 'node':","            local = (local.global.utility2_rollup || require('utility2'))","                .requireReadme();","            break;","        }","        // export local","        local.global.local = local;","    }());","","","","    // run shared js-env code - function","    (function () {","        return;","    }());","    switch (local.modeJs) {","","","","    // run browser js-env code - function","    case 'browser':","        break;","","","","    // run node js-env code - function","    case 'node':","        break;","    }","","","","    // run shared js-env code - post-init","    (function () {","        return;","    }());","    switch (local.modeJs) {","","","","    // run browser js-env code - post-init","    case 'browser':","        local.testCase_browser_nullCase = local.testCase_browser_nullCase || function (","            options,","            onError","        ) {","        /*","         * this function will test browsers's null-case handling-behavior-behavior","         */","            onError(null, options);","        };","","        // run tests","        local.nop(local.modeTest &&","            document.querySelector('#testRunButton1') &&","            document.querySelector('#testRunButton1').click());","        break;","","","","    // run node js-env code - post-init","    /* istanbul ignore next */","    case 'node':","        local.testCase_buildApidoc_default = local.testCase_buildApidoc_default || function (","            options,","            onError","        ) {","        /*","         * this function will test buildApidoc's default handling-behavior-behavior","         */","            options = { modulePathList: module.paths };","            local.buildApidoc(options, onError);","        };","","        local.testCase_buildApp_default = local.testCase_buildApp_default || function (","            options,","            onError","        ) {","        /*","         * this function will test buildApp's default handling-behavior-behavior","         */","            local.testCase_buildReadme_default(options, local.onErrorThrow);","            local.testCase_buildLib_default(options, local.onErrorThrow);","            local.testCase_buildTest_default(options, local.onErrorThrow);","            local.testCase_buildCustomOrg_default(options, local.onErrorThrow);","            options = [];","            local.buildApp(options, onError);","        };","","        local.testCase_buildCustomOrg_default = local.testCase_buildCustomOrg_default ||","            function (options, onError) {","            /*","             * this function will test buildCustomOrg's default handling-behavior","             */","                options = {};","                local.buildCustomOrg(options, onError);","            };","","        local.testCase_buildLib_default = local.testCase_buildLib_default || function (","            options,","            onError","        ) {","        /*","         * this function will test buildLib's default handling-behavior","         */","            options = {};","            local.buildLib(options, onError);","        };","","        local.testCase_buildReadme_default = local.testCase_buildReadme_default || function (","            options,","            onError","        ) {","        /*","         * this function will test buildReadme's default handling-behavior-behavior","         */","            options = {};","            local.buildReadme(options, onError);","        };","","        local.testCase_buildTest_default = local.testCase_buildTest_default || function (","            options,","            onError","        ) {","        /*","         * this function will test buildTest's default handling-behavior","         */","            options = {};","            local.buildTest(options, onError);","        };","","        local.testCase_webpage_default = local.testCase_webpage_default || function (","            options,","            onError","        ) {","        /*","         * this function will test webpage's default handling-behavior","         */","            options = { modeCoverageMerge: true, url: local.serverLocalHost + '?modeTest=1' };","            local.browserTest(options, onError);","        };","","        // run test-server","        local.testRunServer(local);","        break;","    }","}());",""],"l":{"12":2,"14":2,"19":2,"21":2,"23":2,"24":2,"25":2,"30":1,"37":2,"40":2,"43":1,"47":1,"50":1,"52":1,"55":2,"61":2,"62":2,"64":2,"70":1,"76":1,"82":2,"83":2,"85":2,"91":1,"98":1,"102":1,"105":1,"112":1,"119":1,"120":1,"123":1,"130":1,"131":1,"132":1,"133":1,"134":1,"135":1,"138":1,"143":2,"144":2,"147":1,"154":2,"155":2,"158":1,"165":2,"166":2,"169":1,"176":2,"177":2,"180":1,"187":1,"188":1,"192":1,"193":1}},"/home/travis/build/npmtest/node-npmtest-ibm-blockchain-js/lib.npmtest_ibm_blockchain_js.js":{"path":"/home/travis/build/npmtest/node-npmtest-ibm-blockchain-js/lib.npmtest_ibm_blockchain_js.js","s":{"1":2,"2":2,"3":2,"4":2,"5":2,"6":2,"7":2,"8":1,"9":2,"10":2,"11":2,"12":2,"13":1,"14":1,"15":1,"16":1},"b":{"1":[2,1,1,1],"2":[1,1,1,1],"3":[1,1],"4":[2,2],"5":[1,1]},"f":{"1":2,"2":2,"3":2},"fnMap":{"1":{"name":"(anonymous_1)","line":12,"loc":{"start":{"line":12,"column":1},"end":{"line":12,"column":13}}},"2":{"name":"(anonymous_2)","line":19,"loc":{"start":{"line":19,"column":5},"end":{"line":19,"column":17}}},"3":{"name":"(anonymous_3)","line":23,"loc":{"start":{"line":23,"column":24},"end":{"line":23,"column":36}}}},"statementMap":{"1":{"start":{"line":12,"column":0},"end":{"line":53,"column":5}},"2":{"start":{"line":14,"column":4},"end":{"line":14,"column":14}},"3":{"start":{"line":19,"column":4},"end":{"line":52,"column":9}},"4":{"start":{"line":21,"column":8},"end":{"line":21,"column":19}},"5":{"start":{"line":23,"column":8},"end":{"line":35,"column":13}},"6":{"start":{"line":24,"column":12},"end":{"line":34,"column":13}},"7":{"start":{"line":25,"column":16},"end":{"line":28,"column":30}},"8":{"start":{"line":30,"column":16},"end":{"line":33,"column":27}},"9":{"start":{"line":37,"column":8},"end":{"line":39,"column":21}},"10":{"start":{"line":41,"column":8},"end":{"line":41,"column":54}},"11":{"start":{"line":43,"column":8},"end":{"line":43,"column":62}},"12":{"start":{"line":45,"column":8},"end":{"line":51,"column":9}},"13":{"start":{"line":46,"column":12},"end":{"line":46,"column":68}},"14":{"start":{"line":48,"column":12},"end":{"line":48,"column":35}},"15":{"start":{"line":49,"column":12},"end":{"line":49,"column":49}},"16":{"start":{"line":50,"column":12},"end":{"line":50,"column":43}}},"branchMap":{"1":{"line":25,"type":"binary-expr","locations":[{"start":{"line":25,"column":23},"end":{"line":25,"column":62}},{"start":{"line":26,"column":20},"end":{"line":26,"column":70}},{"start":{"line":27,"column":20},"end":{"line":27,"column":71}},{"start":{"line":28,"column":20},"end":{"line":28,"column":29}}]},"2":{"line":30,"type":"binary-expr","locations":[{"start":{"line":30,"column":23},"end":{"line":30,"column":37}},{"start":{"line":31,"column":20},"end":{"line":31,"column":61}},{"start":{"line":32,"column":20},"end":{"line":32,"column":70}},{"start":{"line":33,"column":20},"end":{"line":33,"column":26}}]},"3":{"line":37,"type":"cond-expr","locations":[{"start":{"line":38,"column":14},"end":{"line":38,"column":20}},{"start":{"line":39,"column":14},"end":{"line":39,"column":20}}]},"4":{"line":41,"type":"binary-expr","locations":[{"start":{"line":41,"column":16},"end":{"line":41,"column":44}},{"start":{"line":41,"column":48},"end":{"line":41,"column":53}}]},"5":{"line":45,"type":"if","locations":[{"start":{"line":45,"column":8},"end":{"line":45,"column":8}},{"start":{"line":45,"column":8},"end":{"line":45,"column":8}}]}},"code":["/* istanbul instrument in package npmtest_ibm_blockchain_js */","/*jslint","    bitwise: true,","    browser: true,","    maxerr: 8,","    maxlen: 96,","    node: true,","    nomen: true,","    regexp: true,","    stupid: true","*/","(function () {","    'use strict';","    var local;","","","","    // run shared js-env code - pre-init","    (function () {","        // init local","        local = {};","        // init modeJs","        local.modeJs = (function () {","            try {","                return typeof navigator.userAgent === 'string' &&","                    typeof document.querySelector('body') === 'object' &&","                    typeof XMLHttpRequest.prototype.open === 'function' &&","                    'browser';","            } catch (errorCaughtBrowser) {","                return module.exports &&","                    typeof process.versions.node === 'string' &&","                    typeof require('http').createServer === 'function' &&","                    'node';","            }","        }());","        // init global","        local.global = local.modeJs === 'browser'","            ? window","            : global;","        // init utility2_rollup","        local = local.global.utility2_rollup || local;","        // init lib","        local.local = local.npmtest_ibm_blockchain_js = local;","        // init exports","        if (local.modeJs === 'browser') {","            local.global.utility2_npmtest_ibm_blockchain_js = local;","        } else {","            module.exports = local;","            module.exports.__dirname = __dirname;","            module.exports.module = module;","        }","    }());","}());",""],"l":{"12":2,"14":2,"19":2,"21":2,"23":2,"24":2,"25":2,"30":1,"37":2,"41":2,"43":2,"45":2,"46":1,"48":1,"49":1,"50":1}},"/home/travis/build/npmtest/node-npmtest-ibm-blockchain-js/example.js":{"path":"/home/travis/build/npmtest/node-npmtest-ibm-blockchain-js/example.js","s":{"1":2,"2":2,"3":2,"4":2,"5":2,"6":2,"7":2,"8":1,"9":2,"10":2,"11":2,"12":2,"13":1,"14":2,"15":2,"16":2,"17":2,"18":2,"19":0,"20":2,"21":1,"22":1,"23":1,"24":1,"25":1,"26":0,"27":0,"28":1,"29":1,"30":2,"31":0,"32":0,"33":0,"34":1,"35":2,"36":2,"37":3,"38":3,"39":3,"40":3,"41":0,"42":3,"43":3,"44":3,"45":1,"46":3,"47":1,"48":1,"49":1,"50":1,"51":1,"52":1,"53":1,"54":1,"55":1,"56":1,"57":0,"58":1,"59":6,"60":6,"61":1,"62":2,"63":0,"64":2,"65":1,"66":1,"67":0,"68":0,"69":0,"70":0,"71":0,"72":0,"73":0,"74":0,"75":0,"76":0,"77":0,"78":0,"79":0,"80":0,"81":0,"82":0,"83":0},"b":{"1":[2,1,1,1],"2":[1,1,1,1],"3":[1,1],"4":[2,2],"5":[1,1],"6":[1,1],"7":[2,0],"8":[2,1,1,1,1,1],"9":[0,2,0],"10":[1,1],"11":[2,1,1],"12":[1,0],"13":[0,2],"14":[2,0,0,0,0,0,0],"15":[0,3],"16":[3,0],"17":[1,1],"18":[0,1],"19":[1,2,0,2],"20":[1,0],"21":[1,1],"22":[0,0],"23":[0,0],"24":[0,0],"25":[0,0],"26":[0,0],"27":[0,0],"28":[0,0]},"f":{"1":2,"2":2,"3":2,"4":2,"5":2,"6":2,"7":3,"8":3,"9":3,"10":1,"11":6,"12":0},"fnMap":{"1":{"name":"(anonymous_1)","line":26,"loc":{"start":{"line":26,"column":1},"end":{"line":26,"column":13}}},"2":{"name":"(anonymous_2)","line":33,"loc":{"start":{"line":33,"column":5},"end":{"line":33,"column":17}}},"3":{"name":"(anonymous_3)","line":37,"loc":{"start":{"line":37,"column":24},"end":{"line":37,"column":36}}},"4":{"name":"(anonymous_4)","line":69,"loc":{"start":{"line":69,"column":31},"end":{"line":69,"column":48}},"skip":true},"5":{"name":"(anonymous_5)","line":78,"loc":{"start":{"line":78,"column":26},"end":{"line":78,"column":45}},"skip":true},"6":{"name":"(anonymous_6)","line":123,"loc":{"start":{"line":123,"column":33},"end":{"line":123,"column":48}},"skip":true},"7":{"name":"(anonymous_7)","line":125,"loc":{"start":{"line":125,"column":27},"end":{"line":125,"column":39}},"skip":true},"8":{"name":"(anonymous_8)","line":133,"loc":{"start":{"line":133,"column":59},"end":{"line":133,"column":74}},"skip":true},"9":{"name":"(anonymous_9)","line":143,"loc":{"start":{"line":143,"column":45},"end":{"line":143,"column":62}},"skip":true},"10":{"name":"(anonymous_10)","line":144,"loc":{"start":{"line":144,"column":73},"end":{"line":144,"column":92}},"skip":true},"11":{"name":"(anonymous_11)","line":272,"loc":{"start":{"line":272,"column":51},"end":{"line":272,"column":77}},"skip":true},"12":{"name":"(anonymous_12)","line":315,"loc":{"start":{"line":315,"column":32},"end":{"line":315,"column":61}},"skip":true}},"statementMap":{"1":{"start":{"line":26,"column":0},"end":{"line":326,"column":5}},"2":{"start":{"line":28,"column":4},"end":{"line":28,"column":14}},"3":{"start":{"line":33,"column":4},"end":{"line":60,"column":9}},"4":{"start":{"line":35,"column":8},"end":{"line":35,"column":19}},"5":{"start":{"line":37,"column":8},"end":{"line":49,"column":13}},"6":{"start":{"line":38,"column":12},"end":{"line":48,"column":13}},"7":{"start":{"line":39,"column":16},"end":{"line":42,"column":30}},"8":{"start":{"line":44,"column":16},"end":{"line":47,"column":27}},"9":{"start":{"line":51,"column":8},"end":{"line":53,"column":21}},"10":{"start":{"line":55,"column":8},"end":{"line":57,"column":45}},"11":{"start":{"line":59,"column":8},"end":{"line":59,"column":35}},"12":{"start":{"line":61,"column":4},"end":{"line":325,"column":5}},"13":{"start":{"line":69,"column":8},"end":{"line":121,"column":10},"skip":true},"14":{"start":{"line":70,"column":12},"end":{"line":88,"column":13},"skip":true},"15":{"start":{"line":76,"column":16},"end":{"line":87,"column":19},"skip":true},"16":{"start":{"line":79,"column":20},"end":{"line":86,"column":21},"skip":true},"17":{"start":{"line":82,"column":24},"end":{"line":82,"column":43},"skip":true},"18":{"start":{"line":83,"column":24},"end":{"line":83,"column":30},"skip":true},"19":{"start":{"line":85,"column":24},"end":{"line":85,"column":49},"skip":true},"20":{"start":{"line":89,"column":12},"end":{"line":107,"column":13},"skip":true},"21":{"start":{"line":92,"column":16},"end":{"line":102,"column":17},"skip":true},"22":{"start":{"line":93,"column":20},"end":{"line":93,"column":86},"skip":true},"23":{"start":{"line":94,"column":20},"end":{"line":95,"column":45},"skip":true},"24":{"start":{"line":96,"column":20},"end":{"line":96,"column":42},"skip":true},"25":{"start":{"line":97,"column":20},"end":{"line":97,"column":48},"skip":true},"26":{"start":{"line":100,"column":20},"end":{"line":100,"column":85},"skip":true},"27":{"start":{"line":101,"column":20},"end":{"line":101,"column":96},"skip":true},"28":{"start":{"line":103,"column":16},"end":{"line":103,"column":22},"skip":true},"29":{"start":{"line":106,"column":16},"end":{"line":106,"column":22},"skip":true},"30":{"start":{"line":108,"column":12},"end":{"line":120,"column":13},"skip":true},"31":{"start":{"line":114,"column":16},"end":{"line":119,"column":17},"skip":true},"32":{"start":{"line":116,"column":20},"end":{"line":116,"column":78},"skip":true},"33":{"start":{"line":118,"column":20},"end":{"line":118,"column":47},"skip":true},"34":{"start":{"line":123,"column":8},"end":{"line":141,"column":11},"skip":true},"35":{"start":{"line":124,"column":12},"end":{"line":124,"column":54},"skip":true},"36":{"start":{"line":125,"column":12},"end":{"line":140,"column":14},"skip":true},"37":{"start":{"line":126,"column":16},"end":{"line":126,"column":28},"skip":true},"38":{"start":{"line":127,"column":16},"end":{"line":127,"column":69},"skip":true},"39":{"start":{"line":128,"column":16},"end":{"line":128,"column":75},"skip":true},"40":{"start":{"line":129,"column":16},"end":{"line":131,"column":17},"skip":true},"41":{"start":{"line":130,"column":20},"end":{"line":130,"column":27},"skip":true},"42":{"start":{"line":133,"column":16},"end":{"line":137,"column":36},"skip":true},"43":{"start":{"line":134,"column":20},"end":{"line":136,"column":55},"skip":true},"44":{"start":{"line":139,"column":16},"end":{"line":139,"column":57},"skip":true},"45":{"start":{"line":143,"column":8},"end":{"line":147,"column":11},"skip":true},"46":{"start":{"line":144,"column":12},"end":{"line":146,"column":15},"skip":true},"47":{"start":{"line":145,"column":16},"end":{"line":145,"column":70},"skip":true},"48":{"start":{"line":149,"column":8},"end":{"line":149,"column":31},"skip":true},"49":{"start":{"line":150,"column":8},"end":{"line":150,"column":14},"skip":true},"50":{"start":{"line":158,"column":8},"end":{"line":158,"column":31},"skip":true},"51":{"start":{"line":160,"column":8},"end":{"line":160,"column":33},"skip":true},"52":{"start":{"line":161,"column":8},"end":{"line":161,"column":37},"skip":true},"53":{"start":{"line":162,"column":8},"end":{"line":162,"column":35},"skip":true},"54":{"start":{"line":164,"column":8},"end":{"line":164,"column":50},"skip":true},"55":{"start":{"line":166,"column":8},"end":{"line":256,"column":2},"skip":true},"56":{"start":{"line":258,"column":8},"end":{"line":286,"column":9},"skip":true},"57":{"start":{"line":259,"column":12},"end":{"line":269,"column":14},"skip":true},"58":{"start":{"line":271,"column":12},"end":{"line":285,"column":19},"skip":true},"59":{"start":{"line":274,"column":20},"end":{"line":274,"column":35},"skip":true},"60":{"start":{"line":275,"column":20},"end":{"line":284,"column":21},"skip":true},"61":{"start":{"line":277,"column":24},"end":{"line":277,"column":64},"skip":true},"62":{"start":{"line":279,"column":24},"end":{"line":279,"column":40},"skip":true},"63":{"start":{"line":281,"column":24},"end":{"line":281,"column":40},"skip":true},"64":{"start":{"line":283,"column":24},"end":{"line":283,"column":39},"skip":true},"65":{"start":{"line":288,"column":8},"end":{"line":290,"column":9},"skip":true},"66":{"start":{"line":289,"column":12},"end":{"line":289,"column":18},"skip":true},"67":{"start":{"line":291,"column":8},"end":{"line":293,"column":54},"skip":true},"68":{"start":{"line":296,"column":8},"end":{"line":301,"column":37},"skip":true},"69":{"start":{"line":303,"column":8},"end":{"line":303,"column":82},"skip":true},"70":{"start":{"line":306,"column":8},"end":{"line":308,"column":9},"skip":true},"71":{"start":{"line":307,"column":12},"end":{"line":307,"column":82},"skip":true},"72":{"start":{"line":310,"column":8},"end":{"line":312,"column":9},"skip":true},"73":{"start":{"line":311,"column":12},"end":{"line":311,"column":18},"skip":true},"74":{"start":{"line":313,"column":8},"end":{"line":313,"column":54},"skip":true},"75":{"start":{"line":314,"column":8},"end":{"line":314,"column":69},"skip":true},"76":{"start":{"line":315,"column":8},"end":{"line":323,"column":36},"skip":true},"77":{"start":{"line":316,"column":12},"end":{"line":316,"column":61},"skip":true},"78":{"start":{"line":317,"column":12},"end":{"line":320,"column":13},"skip":true},"79":{"start":{"line":318,"column":16},"end":{"line":318,"column":75},"skip":true},"80":{"start":{"line":319,"column":16},"end":{"line":319,"column":23},"skip":true},"81":{"start":{"line":321,"column":12},"end":{"line":321,"column":38},"skip":true},"82":{"start":{"line":322,"column":12},"end":{"line":322,"column":27},"skip":true},"83":{"start":{"line":324,"column":8},"end":{"line":324,"column":14},"skip":true}},"branchMap":{"1":{"line":39,"type":"binary-expr","locations":[{"start":{"line":39,"column":23},"end":{"line":39,"column":62}},{"start":{"line":40,"column":20},"end":{"line":40,"column":70}},{"start":{"line":41,"column":20},"end":{"line":41,"column":71}},{"start":{"line":42,"column":20},"end":{"line":42,"column":29}}]},"2":{"line":44,"type":"binary-expr","locations":[{"start":{"line":44,"column":23},"end":{"line":44,"column":37}},{"start":{"line":45,"column":20},"end":{"line":45,"column":61}},{"start":{"line":46,"column":20},"end":{"line":46,"column":70}},{"start":{"line":47,"column":20},"end":{"line":47,"column":26}}]},"3":{"line":51,"type":"cond-expr","locations":[{"start":{"line":52,"column":14},"end":{"line":52,"column":20}},{"start":{"line":53,"column":14},"end":{"line":53,"column":20}}]},"4":{"line":55,"type":"binary-expr","locations":[{"start":{"line":55,"column":16},"end":{"line":55,"column":44}},{"start":{"line":55,"column":49},"end":{"line":57,"column":43}}]},"5":{"line":55,"type":"cond-expr","locations":[{"start":{"line":56,"column":14},"end":{"line":56,"column":61}},{"start":{"line":57,"column":14},"end":{"line":57,"column":43}}]},"6":{"line":61,"type":"switch","locations":[{"start":{"line":68,"column":4},"end":{"line":150,"column":14},"skip":true},{"start":{"line":156,"column":4},"end":{"line":324,"column":14},"skip":true}]},"7":{"line":70,"type":"if","locations":[{"start":{"line":70,"column":12},"end":{"line":70,"column":12},"skip":true},{"start":{"line":70,"column":12},"end":{"line":70,"column":12},"skip":true}]},"8":{"line":70,"type":"binary-expr","locations":[{"start":{"line":70,"column":16},"end":{"line":70,"column":22},"skip":true},{"start":{"line":70,"column":27},"end":{"line":70,"column":32},"skip":true},{"start":{"line":71,"column":20},"end":{"line":71,"column":39},"skip":true},{"start":{"line":72,"column":20},"end":{"line":72,"column":49},"skip":true},{"start":{"line":73,"column":20},"end":{"line":73,"column":58},"skip":true},{"start":{"line":74,"column":20},"end":{"line":74,"column":69},"skip":true}]},"9":{"line":79,"type":"switch","locations":[{"start":{"line":80,"column":20},"end":{"line":80,"column":33},"skip":true},{"start":{"line":81,"column":20},"end":{"line":83,"column":30},"skip":true},{"start":{"line":84,"column":20},"end":{"line":85,"column":49},"skip":true}]},"10":{"line":89,"type":"switch","locations":[{"start":{"line":90,"column":12},"end":{"line":103,"column":22},"skip":true},{"start":{"line":105,"column":12},"end":{"line":106,"column":22},"skip":true}]},"11":{"line":89,"type":"binary-expr","locations":[{"start":{"line":89,"column":20},"end":{"line":89,"column":25},"skip":true},{"start":{"line":89,"column":29},"end":{"line":89,"column":48},"skip":true},{"start":{"line":89,"column":52},"end":{"line":89,"column":74},"skip":true}]},"12":{"line":92,"type":"if","locations":[{"start":{"line":92,"column":16},"end":{"line":92,"column":16},"skip":true},{"start":{"line":92,"column":16},"end":{"line":92,"column":16},"skip":true}]},"13":{"line":108,"type":"if","locations":[{"start":{"line":108,"column":12},"end":{"line":108,"column":12},"skip":true},{"start":{"line":108,"column":12},"end":{"line":108,"column":12},"skip":true}]},"14":{"line":108,"type":"binary-expr","locations":[{"start":{"line":108,"column":16},"end":{"line":108,"column":61},"skip":true},{"start":{"line":108,"column":66},"end":{"line":108,"column":72},"skip":true},{"start":{"line":108,"column":77},"end":{"line":108,"column":82},"skip":true},{"start":{"line":109,"column":20},"end":{"line":109,"column":39},"skip":true},{"start":{"line":110,"column":20},"end":{"line":110,"column":49},"skip":true},{"start":{"line":111,"column":20},"end":{"line":111,"column":58},"skip":true},{"start":{"line":112,"column":20},"end":{"line":112,"column":68},"skip":true}]},"15":{"line":129,"type":"if","locations":[{"start":{"line":129,"column":16},"end":{"line":129,"column":16},"skip":true},{"start":{"line":129,"column":16},"end":{"line":129,"column":16},"skip":true}]},"16":{"line":134,"type":"cond-expr","locations":[{"start":{"line":135,"column":26},"end":{"line":135,"column":29},"skip":true},{"start":{"line":136,"column":26},"end":{"line":136,"column":54},"skip":true}]},"17":{"line":164,"type":"binary-expr","locations":[{"start":{"line":164,"column":27},"end":{"line":164,"column":43},"skip":true},{"start":{"line":164,"column":47},"end":{"line":164,"column":49},"skip":true}]},"18":{"line":258,"type":"if","locations":[{"start":{"line":258,"column":8},"end":{"line":258,"column":8},"skip":true},{"start":{"line":258,"column":8},"end":{"line":258,"column":8},"skip":true}]},"19":{"line":275,"type":"switch","locations":[{"start":{"line":276,"column":20},"end":{"line":277,"column":64},"skip":true},{"start":{"line":278,"column":20},"end":{"line":279,"column":40},"skip":true},{"start":{"line":280,"column":20},"end":{"line":281,"column":40},"skip":true},{"start":{"line":282,"column":20},"end":{"line":283,"column":39},"skip":true}]},"20":{"line":288,"type":"if","locations":[{"start":{"line":288,"column":8},"end":{"line":288,"column":8},"skip":true},{"start":{"line":288,"column":8},"end":{"line":288,"column":8},"skip":true}]},"21":{"line":288,"type":"binary-expr","locations":[{"start":{"line":288,"column":12},"end":{"line":288,"column":40},"skip":true},{"start":{"line":288,"column":44},"end":{"line":288,"column":67},"skip":true}]},"22":{"line":292,"type":"binary-expr","locations":[{"start":{"line":292,"column":12},"end":{"line":292,"column":50},"skip":true},{"start":{"line":293,"column":12},"end":{"line":293,"column":53},"skip":true}]},"23":{"line":297,"type":"binary-expr","locations":[{"start":{"line":297,"column":12},"end":{"line":297,"column":75},"skip":true},{"start":{"line":298,"column":12},"end":{"line":301,"column":36},"skip":true}]},"24":{"line":303,"type":"binary-expr","locations":[{"start":{"line":303,"column":43},"end":{"line":303,"column":75},"skip":true},{"start":{"line":303,"column":79},"end":{"line":303,"column":81},"skip":true}]},"25":{"line":306,"type":"if","locations":[{"start":{"line":306,"column":8},"end":{"line":306,"column":8},"skip":true},{"start":{"line":306,"column":8},"end":{"line":306,"column":8},"skip":true}]},"26":{"line":310,"type":"if","locations":[{"start":{"line":310,"column":8},"end":{"line":310,"column":8},"skip":true},{"start":{"line":310,"column":8},"end":{"line":310,"column":8},"skip":true}]},"27":{"line":313,"type":"binary-expr","locations":[{"start":{"line":313,"column":27},"end":{"line":313,"column":43},"skip":true},{"start":{"line":313,"column":47},"end":{"line":313,"column":53},"skip":true}]},"28":{"line":317,"type":"if","locations":[{"start":{"line":317,"column":12},"end":{"line":317,"column":12},"skip":true},{"start":{"line":317,"column":12},"end":{"line":317,"column":12},"skip":true}]}},"code":["/*","example.js","","quickstart example","","instruction","    1. save this script as example.js","    2. run the shell command:","        $ npm install npmtest-ibm-blockchain-js && PORT=8081 node example.js","    3. play with the browser-demo on http://127.0.0.1:8081","*/","","","","/* istanbul instrument in package npmtest_ibm_blockchain_js */","/*jslint","    bitwise: true,","    browser: true,","    maxerr: 8,","    maxlen: 96,","    node: true,","    nomen: true,","    regexp: true,","    stupid: true","*/","(function () {","    'use strict';","    var local;","","","","    // run shared js-env code - pre-init","    (function () {","        // init local","        local = {};","        // init modeJs","        local.modeJs = (function () {","            try {","                return typeof navigator.userAgent === 'string' &&","                    typeof document.querySelector('body') === 'object' &&","                    typeof XMLHttpRequest.prototype.open === 'function' &&","                    'browser';","            } catch (errorCaughtBrowser) {","                return module.exports &&","                    typeof process.versions.node === 'string' &&","                    typeof require('http').createServer === 'function' &&","                    'node';","            }","        }());","        // init global","        local.global = local.modeJs === 'browser'","            ? window","            : global;","        // init utility2_rollup","        local = local.global.utility2_rollup || (local.modeJs === 'browser'","            ? local.global.utility2_npmtest_ibm_blockchain_js","            : global.utility2_moduleExports);","        // export local","        local.global.local = local;","    }());","    switch (local.modeJs) {","","","","    // post-init","    // run browser js-env code - post-init","    /* istanbul ignore next */","    case 'browser':","        local.testRunBrowser = function (event) {","            if (!event || (event &&","                    event.currentTarget &&","                    event.currentTarget.className &&","                    event.currentTarget.className.includes &&","                    event.currentTarget.className.includes('onreset'))) {","                // reset output","                Array.from(","                    document.querySelectorAll('body > .resettable')","                ).forEach(function (element) {","                    switch (element.tagName) {","                    case 'INPUT':","                    case 'TEXTAREA':","                        element.value = '';","                        break;","                    default:","                        element.textContent = '';","                    }","                });","            }","            switch (event && event.currentTarget && event.currentTarget.id) {","            case 'testRunButton1':","                // show tests","                if (document.querySelector('#testReportDiv1').style.display === 'none') {","                    document.querySelector('#testReportDiv1').style.display = 'block';","                    document.querySelector('#testRunButton1').textContent =","                        'hide internal test';","                    local.modeTest = true;","                    local.testRunDefault(local);","                // hide tests","                } else {","                    document.querySelector('#testReportDiv1').style.display = 'none';","                    document.querySelector('#testRunButton1').textContent = 'run internal test';","                }","                break;","            // custom-case","            default:","                break;","            }","            if (document.querySelector('#inputTextareaEval1') && (!event || (event &&","                    event.currentTarget &&","                    event.currentTarget.className &&","                    event.currentTarget.className.includes &&","                    event.currentTarget.className.includes('oneval')))) {","                // try to eval input-code","                try {","                    /*jslint evil: true*/","                    eval(document.querySelector('#inputTextareaEval1').value);","                } catch (errorCaught) {","                    console.error(errorCaught);","                }","            }","        };","        // log stderr and stdout to #outputTextareaStdout1","        ['error', 'log'].forEach(function (key) {","            console[key + '_original'] = console[key];","            console[key] = function () {","                var element;","                console[key + '_original'].apply(console, arguments);","                element = document.querySelector('#outputTextareaStdout1');","                if (!element) {","                    return;","                }","                // append text to #outputTextareaStdout1","                element.value += Array.from(arguments).map(function (arg) {","                    return typeof arg === 'string'","                        ? arg","                        : JSON.stringify(arg, null, 4);","                }).join(' ') + '\\n';","                // scroll textarea to bottom","                element.scrollTop = element.scrollHeight;","            };","        });","        // init event-handling","        ['change', 'click', 'keyup'].forEach(function (event) {","            Array.from(document.querySelectorAll('.on' + event)).forEach(function (element) {","                element.addEventListener(event, local.testRunBrowser);","            });","        });","        // run tests","        local.testRunBrowser();","        break;","","","","    // run node js-env code - post-init","    /* istanbul ignore next */","    case 'node':","        // export local","        module.exports = local;","        // require modules","        local.fs = require('fs');","        local.http = require('http');","        local.url = require('url');","        // init assets","        local.assetsDict = local.assetsDict || {};","        /* jslint-ignore-begin */","        local.assetsDict['/assets.index.template.html'] = '\\","<!doctype html>\\n\\","<html lang=\"en\">\\n\\","<head>\\n\\","<meta charset=\"UTF-8\">\\n\\","<meta name=\"viewport\" content=\"width=device-width, initial-scale=1\">\\n\\","<title>{{env.npm_package_name}} (v{{env.npm_package_version}})</title>\\n\\","<style>\\n\\","/*csslint\\n\\","    box-sizing: false,\\n\\","    universal-selector: false\\n\\","*/\\n\\","* {\\n\\","    box-sizing: border-box;\\n\\","}\\n\\","body {\\n\\","    background: #dde;\\n\\","    font-family: Arial, Helvetica, sans-serif;\\n\\","    margin: 2rem;\\n\\","}\\n\\","body > * {\\n\\","    margin-bottom: 1rem;\\n\\","}\\n\\",".utility2FooterDiv {\\n\\","    margin-top: 20px;\\n\\","    text-align: center;\\n\\","}\\n\\","</style>\\n\\","<style>\\n\\","/*csslint\\n\\","*/\\n\\","textarea {\\n\\","    font-family: monospace;\\n\\","    height: 10rem;\\n\\","    width: 100%;\\n\\","}\\n\\","textarea[readonly] {\\n\\","    background: #ddd;\\n\\","}\\n\\","</style>\\n\\","</head>\\n\\","<body>\\n\\","<!-- utility2-comment\\n\\","<div id=\"ajaxProgressDiv1\" style=\"background: #d00; height: 2px; left: 0; margin: 0; padding: 0; position: fixed; top: 0; transition: background 0.5s, width 1.5s; width: 25%;\"></div>\\n\\","utility2-comment -->\\n\\","<h1>\\n\\","<!-- utility2-comment\\n\\","    <a\\n\\","        {{#if env.npm_package_homepage}}\\n\\","        href=\"{{env.npm_package_homepage}}\"\\n\\","        {{/if env.npm_package_homepage}}\\n\\","        target=\"_blank\"\\n\\","    >\\n\\","utility2-comment -->\\n\\","        {{env.npm_package_name}} (v{{env.npm_package_version}})\\n\\","<!-- utility2-comment\\n\\","    </a>\\n\\","utility2-comment -->\\n\\","</h1>\\n\\","<h3>{{env.npm_package_description}}</h3>\\n\\","<!-- utility2-comment\\n\\","<h4><a download href=\"assets.app.js\">download standalone app</a></h4>\\n\\","<button class=\"onclick onreset\" id=\"testRunButton1\">run internal test</button><br>\\n\\","<div id=\"testReportDiv1\" style=\"display: none;\"></div>\\n\\","utility2-comment -->\\n\\","\\n\\","\\n\\","\\n\\","<label>stderr and stdout</label>\\n\\","<textarea class=\"resettable\" id=\"outputTextareaStdout1\" readonly></textarea>\\n\\","<!-- utility2-comment\\n\\","{{#if isRollup}}\\n\\","<script src=\"assets.app.js\"></script>\\n\\","{{#unless isRollup}}\\n\\","utility2-comment -->\\n\\","<script src=\"assets.utility2.rollup.js\"></script>\\n\\","<script src=\"jsonp.utility2._stateInit?callback=window.utility2._stateInit\"></script>\\n\\","<script src=\"assets.npmtest_ibm_blockchain_js.rollup.js\"></script>\\n\\","<script src=\"assets.example.js\"></script>\\n\\","<script src=\"assets.test.js\"></script>\\n\\","<!-- utility2-comment\\n\\","{{/if isRollup}}\\n\\","utility2-comment -->\\n\\","<div class=\"utility2FooterDiv\">\\n\\","    [ this app was created with\\n\\","    <a href=\"https://github.com/kaizhu256/node-utility2\" target=\"_blank\">utility2</a>\\n\\","    ]\\n\\","</div>\\n\\","</body>\\n\\","</html>\\n\\","';","        /* jslint-ignore-end */","        if (local.templateRender) {","            local.assetsDict['/'] = local.templateRender(","                local.assetsDict['/assets.index.template.html'],","                {","                    env: local.objectSetDefault(local.env, {","                        npm_package_description: 'the greatest app in the world!',","                        npm_package_name: 'my-app',","                        npm_package_nameAlias: 'my_app',","                        npm_package_version: '0.0.1'","                    })","                }","            );","        } else {","            local.assetsDict['/'] = local.assetsDict['/assets.index.template.html']","                .replace((/\\{\\{env\\.(\\w+?)\\}\\}/g), function (match0, match1) {","                    // jslint-hack","                    String(match0);","                    switch (match1) {","                    case 'npm_package_description':","                        return 'the greatest app in the world!';","                    case 'npm_package_name':","                        return 'my-app';","                    case 'npm_package_nameAlias':","                        return 'my_app';","                    case 'npm_package_version':","                        return '0.0.1';","                    }","                });","        }","        // run the cli","        if (local.global.utility2_rollup || module !== require.main) {","            break;","        }","        local.assetsDict['/assets.example.js'] =","            local.assetsDict['/assets.example.js'] ||","            local.fs.readFileSync(__filename, 'utf8');","        // bug-workaround - long $npm_package_buildCustomOrg","        /* jslint-ignore-begin */","        local.assetsDict['/assets.npmtest_ibm_blockchain_js.rollup.js'] =","            local.assetsDict['/assets.npmtest_ibm_blockchain_js.rollup.js'] ||","            local.fs.readFileSync(","                local.npmtest_ibm_blockchain_js.__dirname + '/lib.npmtest_ibm_blockchain_js.js',","                'utf8'","            ).replace((/^#!/), '//');","        /* jslint-ignore-end */","        local.assetsDict['/favicon.ico'] = local.assetsDict['/favicon.ico'] || '';","        // if $npm_config_timeout_exit exists,","        // then exit this process after $npm_config_timeout_exit ms","        if (Number(process.env.npm_config_timeout_exit)) {","            setTimeout(process.exit, Number(process.env.npm_config_timeout_exit));","        }","        // start server","        if (local.global.utility2_serverHttp1) {","            break;","        }","        process.env.PORT = process.env.PORT || '8081';","        console.error('server starting on port ' + process.env.PORT);","        local.http.createServer(function (request, response) {","            request.urlParsed = local.url.parse(request.url);","            if (local.assetsDict[request.urlParsed.pathname] !== undefined) {","                response.end(local.assetsDict[request.urlParsed.pathname]);","                return;","            }","            response.statusCode = 404;","            response.end();","        }).listen(process.env.PORT);","        break;","    }","}());",""],"l":{"26":2,"28":2,"33":2,"35":2,"37":2,"38":2,"39":2,"44":1,"51":2,"55":2,"59":2,"61":2,"69":1,"70":2,"76":2,"79":2,"82":2,"83":2,"85":1,"89":2,"92":1,"93":1,"94":1,"96":1,"97":1,"100":1,"101":1,"103":1,"106":1,"108":2,"114":1,"116":1,"118":1,"123":1,"124":2,"125":2,"126":3,"127":3,"128":3,"129":3,"130":1,"133":3,"134":3,"139":3,"143":1,"144":3,"145":1,"149":1,"150":1,"158":1,"160":1,"161":1,"162":1,"164":1,"166":1,"258":1,"259":1,"271":1,"274":6,"275":6,"277":1,"279":2,"281":1,"283":2,"288":1,"289":1,"291":1,"296":1,"303":1,"306":1,"307":1,"310":1,"311":1,"313":1,"314":1,"315":1,"316":1,"317":1,"318":1,"319":1,"321":1,"322":1,"324":1}},"/home/travis/build/npmtest/node-npmtest-ibm-blockchain-js/node_modules/ibm-blockchain-js/index.js":{"path":"/home/travis/build/npmtest/node-npmtest-ibm-blockchain-js/node_modules/ibm-blockchain-js/index.js","s":{"1":1,"2":1,"3":1,"4":1,"5":1,"6":1,"7":1,"8":1,"9":1,"10":1,"11":0,"12":0,"13":0,"14":0,"15":0,"16":0,"17":0,"18":0,"19":1,"20":1,"21":1,"22":1,"23":1,"24":1,"25":1,"26":0,"27":0,"28":0,"29":0,"30":0,"31":0,"32":0,"33":0,"34":0,"35":0,"36":0,"37":0,"38":0,"39":0,"40":0,"41":0,"42":0,"43":0,"44":0,"45":0,"46":0,"47":0,"48":0,"49":0,"50":0,"51":0,"52":0,"53":0,"54":0,"55":0,"56":0,"57":0,"58":0,"59":0,"60":1,"61":0,"62":1,"63":0,"64":0,"65":0,"66":0,"67":0,"68":0,"69":0,"70":0,"71":0,"72":0,"73":0,"74":0,"75":0,"76":0,"77":0,"78":0,"79":0,"80":0,"81":0,"82":0,"83":0,"84":0,"85":0,"86":0,"87":1,"88":0,"89":0,"90":0,"91":1,"92":0,"93":0,"94":0,"95":0,"96":1,"97":0,"98":0,"99":0,"100":0,"101":0,"102":0,"103":0,"104":0,"105":0,"106":0,"107":0,"108":0,"109":0,"110":0,"111":0,"112":0,"113":0,"114":0,"115":0,"116":1,"117":0,"118":0,"119":0,"120":0,"121":0,"122":0,"123":0,"124":0,"125":1,"126":0,"127":0,"128":0,"129":0,"130":0,"131":0,"132":0,"133":0,"134":0,"135":0,"136":0,"137":0,"138":0,"139":0,"140":0,"141":0,"142":0,"143":0,"144":0,"145":0,"146":0,"147":0,"148":0,"149":0,"150":0,"151":0,"152":0,"153":0,"154":0,"155":0,"156":0,"157":1,"158":0,"159":0,"160":0,"161":0,"162":0,"163":0,"164":0,"165":0,"166":0,"167":0,"168":1,"169":0,"170":0,"171":0,"172":0,"173":0,"174":0,"175":0,"176":0,"177":0,"178":0,"179":0,"180":0,"181":0,"182":0,"183":0,"184":0,"185":0,"186":0,"187":0,"188":0,"189":0,"190":0,"191":0,"192":0,"193":0,"194":0,"195":0,"196":0,"197":0,"198":0,"199":0,"200":1,"201":0,"202":0,"203":0,"204":0,"205":0,"206":0,"207":0,"208":0,"209":0,"210":0,"211":0,"212":0,"213":0,"214":0,"215":0,"216":0,"217":0,"218":0,"219":0,"220":0,"221":0,"222":1,"223":0,"224":0,"225":0,"226":0,"227":0,"228":0,"229":0,"230":0,"231":0,"232":0,"233":0,"234":0,"235":0,"236":0,"237":0,"238":0,"239":0,"240":0,"241":0,"242":1,"243":0,"244":0,"245":0,"246":0,"247":0,"248":0,"249":0,"250":0,"251":0,"252":0,"253":0,"254":0,"255":0,"256":0,"257":0,"258":0,"259":0,"260":0,"261":0,"262":0,"263":0,"264":0,"265":0,"266":0,"267":0,"268":0,"269":0,"270":0,"271":0,"272":0,"273":0,"274":0,"275":1,"276":0,"277":0,"278":0,"279":0,"280":1,"281":0,"282":0,"283":0,"284":0,"285":0,"286":1,"287":0,"288":0,"289":0,"290":0,"291":0,"292":0,"293":0,"294":0,"295":0,"296":0,"297":0,"298":0,"299":0,"300":0,"301":0,"302":0,"303":0,"304":0,"305":1,"306":0,"307":0,"308":1,"309":0,"310":0,"311":0,"312":0,"313":0,"314":0,"315":0,"316":0,"317":0,"318":1,"319":0,"320":0,"321":0,"322":0,"323":0,"324":0,"325":0,"326":0,"327":0,"328":1,"329":0,"330":0,"331":0,"332":0,"333":0,"334":0,"335":0,"336":0,"337":0,"338":0,"339":0,"340":0,"341":0,"342":0,"343":0,"344":0,"345":0,"346":0,"347":0,"348":1,"349":0,"350":1,"351":0,"352":0,"353":0,"354":0,"355":0,"356":0,"357":0,"358":0,"359":0,"360":0,"361":0,"362":0,"363":0,"364":0,"365":0,"366":0,"367":1,"368":0,"369":0,"370":0,"371":0,"372":0,"373":0,"374":0,"375":0,"376":0,"377":0,"378":0,"379":1,"380":0,"381":0,"382":0,"383":0,"384":0,"385":0,"386":0,"387":0,"388":0,"389":0,"390":1,"391":0,"392":0,"393":0,"394":0,"395":0,"396":0,"397":0,"398":0,"399":0,"400":0,"401":0,"402":0,"403":0,"404":0,"405":0,"406":0,"407":0,"408":0,"409":0,"410":0,"411":0,"412":0,"413":0,"414":0,"415":0,"416":0,"417":0,"418":0,"419":0,"420":0,"421":0,"422":0,"423":0,"424":0,"425":0,"426":0,"427":0,"428":1,"429":1,"430":1,"431":0,"432":0,"433":0,"434":0,"435":0,"436":0,"437":0,"438":0,"439":0,"440":0,"441":1,"442":0,"443":0,"444":0,"445":0,"446":0,"447":0,"448":0,"449":0,"450":1,"451":0,"452":0,"453":0,"454":1,"455":0,"456":0,"457":0,"458":0,"459":0,"460":0,"461":0,"462":0,"463":0,"464":1,"465":0,"466":0,"467":0,"468":0,"469":0,"470":0,"471":0,"472":0,"473":0,"474":0,"475":0,"476":0,"477":0,"478":0,"479":0,"480":0,"481":0,"482":0,"483":0,"484":0,"485":0,"486":1,"487":0,"488":0,"489":0,"490":0,"491":0,"492":0,"493":0,"494":0,"495":0,"496":0,"497":0,"498":0,"499":0,"500":0,"501":0,"502":0,"503":0,"504":0,"505":0,"506":0,"507":0,"508":0,"509":0,"510":0,"511":0,"512":0,"513":1},"b":{"1":[0,0],"2":[0,0],"3":[0,0],"4":[0,0],"5":[0,0],"6":[0,0],"7":[0,0],"8":[0,0],"9":[0,0],"10":[0,0],"11":[0,0],"12":[0,0],"13":[0,0],"14":[0,0],"15":[0,0],"16":[0,0],"17":[0,0],"18":[0,0],"19":[0,0],"20":[0,0],"21":[0,0],"22":[0,0],"23":[0,0],"24":[0,0],"25":[0,0],"26":[0,0],"27":[0,0],"28":[0,0],"29":[0,0],"30":[0,0],"31":[0,0],"32":[0,0],"33":[0,0],"34":[0,0],"35":[0,0],"36":[0,0],"37":[0,0],"38":[0,0],"39":[0,0],"40":[0,0],"41":[0,0],"42":[0,0],"43":[0,0],"44":[0,0],"45":[0,0],"46":[0,0],"47":[0,0],"48":[0,0],"49":[0,0],"50":[0,0],"51":[0,0],"52":[0,0],"53":[0,0],"54":[0,0],"55":[0,0],"56":[0,0],"57":[0,0],"58":[0,0],"59":[0,0],"60":[0,0],"61":[0,0],"62":[0,0],"63":[0,0],"64":[0,0],"65":[0,0],"66":[0,0],"67":[0,0],"68":[0,0],"69":[0,0],"70":[0,0],"71":[0,0],"72":[0,0],"73":[0,0],"74":[0,0],"75":[0,0],"76":[0,0],"77":[0,0],"78":[0,0],"79":[0,0],"80":[0,0],"81":[0,0],"82":[0,0],"83":[0,0],"84":[0,0],"85":[0,0],"86":[0,0],"87":[0,0],"88":[0,0],"89":[0,0],"90":[0,0],"91":[0,0],"92":[0,0],"93":[0,0],"94":[0,0],"95":[0,0],"96":[0,0],"97":[0,0],"98":[0,0],"99":[0,0],"100":[0,0],"101":[0,0],"102":[0,0],"103":[0,0],"104":[0,0],"105":[0,0],"106":[0,0],"107":[0,0],"108":[0,0],"109":[0,0],"110":[0,0],"111":[0,0],"112":[0,0],"113":[0,0],"114":[0,0],"115":[0,0],"116":[0,0],"117":[0,0],"118":[0,0],"119":[0,0],"120":[0,0],"121":[0,0],"122":[0,0],"123":[0,0],"124":[0,0],"125":[0,0],"126":[0,0],"127":[0,0],"128":[0,0],"129":[0,0],"130":[0,0],"131":[0,0],"132":[0,0],"133":[0,0],"134":[0,0],"135":[0,0],"136":[0,0],"137":[0,0,0],"138":[0,0],"139":[0,0],"140":[0,0],"141":[0,0],"142":[0,0],"143":[0,0],"144":[0,0],"145":[0,0],"146":[0,0],"147":[0,0],"148":[0,0],"149":[0,0],"150":[0,0],"151":[0,0],"152":[0,0],"153":[0,0],"154":[0,0],"155":[0,0],"156":[0,0],"157":[0,0],"158":[0,0],"159":[0,0],"160":[0,0],"161":[0,0],"162":[0,0],"163":[0,0]},"f":{"1":0,"2":0,"3":0,"4":0,"5":0,"6":0,"7":0,"8":0,"9":0,"10":0,"11":0,"12":0,"13":0,"14":0,"15":0,"16":0,"17":0,"18":0,"19":0,"20":0,"21":0,"22":0,"23":0,"24":0,"25":0,"26":0,"27":0,"28":0,"29":0,"30":0,"31":0,"32":0,"33":0,"34":0,"35":0,"36":0,"37":0,"38":0,"39":0,"40":0,"41":0,"42":0,"43":0,"44":0,"45":0,"46":0,"47":0,"48":0,"49":0,"50":0,"51":0,"52":0,"53":0,"54":0},"fnMap":{"1":{"name":"ibc","line":21,"loc":{"start":{"line":21,"column":0},"end":{"line":21,"column":26}}},"2":{"name":"(anonymous_2)","line":60,"loc":{"start":{"line":60,"column":21},"end":{"line":60,"column":42}}},"3":{"name":"(anonymous_3)","line":106,"loc":{"start":{"line":106,"column":18},"end":{"line":106,"column":36}}},"4":{"name":"(anonymous_4)","line":113,"loc":{"start":{"line":113,"column":5},"end":{"line":113,"column":24}}},"5":{"name":"load_cc","line":125,"loc":{"start":{"line":125,"column":1},"end":{"line":125,"column":19}}},"6":{"name":"(anonymous_6)","line":146,"loc":{"start":{"line":146,"column":31},"end":{"line":146,"column":53}}},"7":{"name":"cb_ready","line":175,"loc":{"start":{"line":175,"column":1},"end":{"line":175,"column":20}}},"8":{"name":"cb_file_exists","line":179,"loc":{"start":{"line":179,"column":2},"end":{"line":179,"column":28}}},"9":{"name":"download_it","line":191,"loc":{"start":{"line":191,"column":1},"end":{"line":191,"column":35}}},"10":{"name":"(anonymous_10)","line":194,"loc":{"start":{"line":194,"column":23},"end":{"line":194,"column":42}}},"11":{"name":"(anonymous_11)","line":196,"loc":{"start":{"line":196,"column":21},"end":{"line":196,"column":32}}},"12":{"name":"(anonymous_12)","line":207,"loc":{"start":{"line":207,"column":20},"end":{"line":207,"column":34}}},"13":{"name":"cb_downloaded","line":223,"loc":{"start":{"line":223,"column":1},"end":{"line":223,"column":25}}},"14":{"name":"(anonymous_14)","line":234,"loc":{"start":{"line":234,"column":22},"end":{"line":234,"column":36}}},"15":{"name":"cb_got_names","line":238,"loc":{"start":{"line":238,"column":1},"end":{"line":238,"column":32}}},"16":{"name":"find_shim","line":289,"loc":{"start":{"line":289,"column":1},"end":{"line":289,"column":25}}},"17":{"name":"parse_for_invoke","line":306,"loc":{"start":{"line":306,"column":1},"end":{"line":306,"column":37}}},"18":{"name":"parse_for_query","line":356,"loc":{"start":{"line":356,"column":1},"end":{"line":356,"column":36}}},"19":{"name":"parse_for_init","line":395,"loc":{"start":{"line":395,"column":1},"end":{"line":395,"column":35}}},"20":{"name":"(anonymous_20)","line":435,"loc":{"start":{"line":435,"column":24},"end":{"line":435,"column":53}}},"21":{"name":"pick_port","line":496,"loc":{"start":{"line":496,"column":0},"end":{"line":496,"column":23}}},"22":{"name":"(anonymous_22)","line":506,"loc":{"start":{"line":506,"column":27},"end":{"line":506,"column":43}}},"23":{"name":"(anonymous_23)","line":529,"loc":{"start":{"line":529,"column":22},"end":{"line":529,"column":39}}},"24":{"name":"(anonymous_24)","line":540,"loc":{"start":{"line":540,"column":71},"end":{"line":540,"column":82}}},"25":{"name":"(anonymous_25)","line":555,"loc":{"start":{"line":555,"column":23},"end":{"line":555,"column":35}}},"26":{"name":"(anonymous_26)","line":563,"loc":{"start":{"line":563,"column":29},"end":{"line":563,"column":41}}},"27":{"name":"(anonymous_27)","line":566,"loc":{"start":{"line":566,"column":25},"end":{"line":566,"column":51}}},"28":{"name":"(anonymous_28)","line":581,"loc":{"start":{"line":581,"column":29},"end":{"line":581,"column":45}}},"29":{"name":"(anonymous_29)","line":584,"loc":{"start":{"line":584,"column":25},"end":{"line":584,"column":51}}},"30":{"name":"read","line":599,"loc":{"start":{"line":599,"column":0},"end":{"line":599,"column":33}}},"31":{"name":"(anonymous_31)","line":626,"loc":{"start":{"line":626,"column":32},"end":{"line":626,"column":58}}},"32":{"name":"(anonymous_32)","line":645,"loc":{"start":{"line":645,"column":25},"end":{"line":645,"column":79}}},"33":{"name":"register","line":649,"loc":{"start":{"line":649,"column":0},"end":{"line":649,"column":71}}},"34":{"name":"(anonymous_34)","line":662,"loc":{"start":{"line":662,"column":32},"end":{"line":662,"column":58}}},"35":{"name":"(anonymous_35)","line":667,"loc":{"start":{"line":667,"column":15},"end":{"line":667,"column":25}}},"36":{"name":"(anonymous_36)","line":684,"loc":{"start":{"line":684,"column":27},"end":{"line":684,"column":57}}},"37":{"name":"(anonymous_37)","line":693,"loc":{"start":{"line":693,"column":34},"end":{"line":693,"column":60}}},"38":{"name":"(anonymous_38)","line":709,"loc":{"start":{"line":709,"column":31},"end":{"line":709,"column":61}}},"39":{"name":"(anonymous_39)","line":718,"loc":{"start":{"line":718,"column":25},"end":{"line":718,"column":51}}},"40":{"name":"deploy","line":733,"loc":{"start":{"line":733,"column":0},"end":{"line":733,"column":57}}},"41":{"name":"(anonymous_41)","line":765,"loc":{"start":{"line":765,"column":32},"end":{"line":765,"column":58}}},"42":{"name":"(anonymous_42)","line":799,"loc":{"start":{"line":799,"column":16},"end":{"line":799,"column":26}}},"43":{"name":"heart_beat","line":814,"loc":{"start":{"line":814,"column":0},"end":{"line":814,"column":21}}},"44":{"name":"cb_got_stats","line":836,"loc":{"start":{"line":836,"column":0},"end":{"line":836,"column":31}}},"45":{"name":"(anonymous_45)","line":852,"loc":{"start":{"line":852,"column":36},"end":{"line":852,"column":49}}},"46":{"name":"(anonymous_46)","line":853,"loc":{"start":{"line":853,"column":13},"end":{"line":853,"column":23}}},"47":{"name":"(anonymous_47)","line":860,"loc":{"start":{"line":860,"column":32},"end":{"line":860,"column":51}}},"48":{"name":"(anonymous_48)","line":865,"loc":{"start":{"line":865,"column":25},"end":{"line":865,"column":51}}},"49":{"name":"build_invoke_func","line":882,"loc":{"start":{"line":882,"column":0},"end":{"line":882,"column":32}}},"50":{"name":"(anonymous_50)","line":889,"loc":{"start":{"line":889,"column":31},"end":{"line":889,"column":59}}},"51":{"name":"(anonymous_51)","line":916,"loc":{"start":{"line":916,"column":34},"end":{"line":916,"column":60}}},"52":{"name":"build_query_func","line":934,"loc":{"start":{"line":934,"column":0},"end":{"line":934,"column":31}}},"53":{"name":"(anonymous_53)","line":941,"loc":{"start":{"line":941,"column":30},"end":{"line":941,"column":58}}},"54":{"name":"(anonymous_54)","line":970,"loc":{"start":{"line":970,"column":34},"end":{"line":970,"column":60}}}},"statementMap":{"1":{"start":{"line":11,"column":0},"end":{"line":11,"column":23}},"2":{"start":{"line":12,"column":0},"end":{"line":12,"column":27}},"3":{"start":{"line":13,"column":0},"end":{"line":13,"column":27}},"4":{"start":{"line":14,"column":0},"end":{"line":14,"column":29}},"5":{"start":{"line":15,"column":0},"end":{"line":15,"column":29}},"6":{"start":{"line":16,"column":0},"end":{"line":16,"column":47}},"7":{"start":{"line":17,"column":0},"end":{"line":17,"column":51}},"8":{"start":{"line":18,"column":0},"end":{"line":18,"column":32}},"9":{"start":{"line":19,"column":0},"end":{"line":19,"column":93}},"10":{"start":{"line":21,"column":0},"end":{"line":26,"column":1}},"11":{"start":{"line":22,"column":1},"end":{"line":22,"column":67}},"12":{"start":{"line":22,"column":37},"end":{"line":22,"column":67}},"13":{"start":{"line":23,"column":1},"end":{"line":23,"column":71}},"14":{"start":{"line":23,"column":38},"end":{"line":23,"column":71}},"15":{"start":{"line":24,"column":1},"end":{"line":24,"column":68}},"16":{"start":{"line":24,"column":37},"end":{"line":24,"column":68}},"17":{"start":{"line":25,"column":1},"end":{"line":25,"column":71}},"18":{"start":{"line":25,"column":38},"end":{"line":25,"column":71}},"19":{"start":{"line":27,"column":0},"end":{"line":46,"column":2}},"20":{"start":{"line":47,"column":0},"end":{"line":47,"column":21}},"21":{"start":{"line":48,"column":0},"end":{"line":48,"column":11}},"22":{"start":{"line":49,"column":0},"end":{"line":49,"column":17}},"23":{"start":{"line":50,"column":0},"end":{"line":50,"column":18}},"24":{"start":{"line":51,"column":0},"end":{"line":51,"column":51}},"25":{"start":{"line":60,"column":0},"end":{"line":128,"column":2}},"26":{"start":{"line":61,"column":1},"end":{"line":61,"column":17}},"27":{"start":{"line":62,"column":1},"end":{"line":62,"column":102}},"28":{"start":{"line":62,"column":48},"end":{"line":62,"column":102}},"29":{"start":{"line":64,"column":1},"end":{"line":64,"column":112}},"30":{"start":{"line":64,"column":54},"end":{"line":64,"column":112}},"31":{"start":{"line":65,"column":1},"end":{"line":65,"column":116}},"32":{"start":{"line":65,"column":56},"end":{"line":65,"column":116}},"33":{"start":{"line":66,"column":1},"end":{"line":66,"column":112}},"34":{"start":{"line":66,"column":54},"end":{"line":66,"column":112}},"35":{"start":{"line":67,"column":1},"end":{"line":71,"column":2}},"36":{"start":{"line":68,"column":2},"end":{"line":68,"column":62}},"37":{"start":{"line":69,"column":2},"end":{"line":69,"column":60}},"38":{"start":{"line":69,"column":9},"end":{"line":69,"column":60}},"39":{"start":{"line":70,"column":2},"end":{"line":70,"column":9}},"40":{"start":{"line":73,"column":1},"end":{"line":94,"column":6}},"41":{"start":{"line":97,"column":1},"end":{"line":97,"column":71}},"42":{"start":{"line":100,"column":1},"end":{"line":122,"column":2}},"43":{"start":{"line":101,"column":2},"end":{"line":101,"column":54}},"44":{"start":{"line":102,"column":2},"end":{"line":102,"column":15}},"45":{"start":{"line":103,"column":2},"end":{"line":105,"column":3}},"46":{"start":{"line":104,"column":3},"end":{"line":104,"column":15}},"47":{"start":{"line":106,"column":2},"end":{"line":116,"column":5}},"48":{"start":{"line":107,"column":3},"end":{"line":112,"column":15}},"49":{"start":{"line":108,"column":4},"end":{"line":108,"column":21}},"50":{"start":{"line":109,"column":4},"end":{"line":109,"column":112}},"51":{"start":{"line":109,"column":68},"end":{"line":109,"column":112}},"52":{"start":{"line":110,"column":4},"end":{"line":110,"column":120}},"53":{"start":{"line":112,"column":8},"end":{"line":112,"column":15}},"54":{"start":{"line":114,"column":3},"end":{"line":115,"column":18}},"55":{"start":{"line":114,"column":17},"end":{"line":114,"column":32}},"56":{"start":{"line":115,"column":8},"end":{"line":115,"column":18}},"57":{"start":{"line":119,"column":2},"end":{"line":119,"column":35}},"58":{"start":{"line":120,"column":2},"end":{"line":120,"column":94}},"59":{"start":{"line":121,"column":2},"end":{"line":121,"column":12}},"60":{"start":{"line":125,"column":1},"end":{"line":127,"column":2}},"61":{"start":{"line":126,"column":2},"end":{"line":126,"column":54}},"62":{"start":{"line":146,"column":0},"end":{"line":430,"column":2}},"63":{"start":{"line":147,"column":1},"end":{"line":147,"column":17}},"64":{"start":{"line":148,"column":1},"end":{"line":148,"column":70}},"65":{"start":{"line":148,"column":22},"end":{"line":148,"column":70}},"66":{"start":{"line":149,"column":1},"end":{"line":149,"column":74}},"67":{"start":{"line":149,"column":24},"end":{"line":149,"column":74}},"68":{"start":{"line":150,"column":1},"end":{"line":150,"column":70}},"69":{"start":{"line":150,"column":22},"end":{"line":150,"column":70}},"70":{"start":{"line":151,"column":1},"end":{"line":155,"column":2}},"71":{"start":{"line":152,"column":2},"end":{"line":152,"column":72}},"72":{"start":{"line":153,"column":2},"end":{"line":153,"column":70}},"73":{"start":{"line":153,"column":9},"end":{"line":153,"column":70}},"74":{"start":{"line":154,"column":2},"end":{"line":154,"column":9}},"75":{"start":{"line":157,"column":1},"end":{"line":157,"column":90}},"76":{"start":{"line":158,"column":1},"end":{"line":158,"column":47}},"77":{"start":{"line":159,"column":1},"end":{"line":159,"column":55}},"78":{"start":{"line":160,"column":1},"end":{"line":160,"column":54}},"79":{"start":{"line":161,"column":1},"end":{"line":161,"column":67}},"80":{"start":{"line":162,"column":1},"end":{"line":162,"column":49}},"81":{"start":{"line":163,"column":1},"end":{"line":163,"column":53}},"82":{"start":{"line":164,"column":1},"end":{"line":164,"column":49}},"83":{"start":{"line":165,"column":1},"end":{"line":165,"column":61}},"84":{"start":{"line":167,"column":1},"end":{"line":172,"column":2}},"85":{"start":{"line":168,"column":2},"end":{"line":168,"column":32}},"86":{"start":{"line":171,"column":2},"end":{"line":171,"column":13}},"87":{"start":{"line":175,"column":1},"end":{"line":188,"column":2}},"88":{"start":{"line":176,"column":2},"end":{"line":177,"column":13}},"89":{"start":{"line":176,"column":6},"end":{"line":176,"column":34}},"90":{"start":{"line":178,"column":2},"end":{"line":178,"column":43}},"91":{"start":{"line":179,"column":2},"end":{"line":187,"column":3}},"92":{"start":{"line":180,"column":3},"end":{"line":186,"column":4}},"93":{"start":{"line":181,"column":4},"end":{"line":181,"column":33}},"94":{"start":{"line":184,"column":4},"end":{"line":184,"column":64}},"95":{"start":{"line":185,"column":4},"end":{"line":185,"column":44}},"96":{"start":{"line":191,"column":1},"end":{"line":220,"column":2}},"97":{"start":{"line":192,"column":2},"end":{"line":192,"column":41}},"98":{"start":{"line":193,"column":2},"end":{"line":193,"column":44}},"99":{"start":{"line":194,"column":2},"end":{"line":206,"column":4}},"100":{"start":{"line":195,"column":3},"end":{"line":195,"column":23}},"101":{"start":{"line":196,"column":3},"end":{"line":205,"column":6}},"102":{"start":{"line":197,"column":4},"end":{"line":204,"column":5}},"103":{"start":{"line":198,"column":5},"end":{"line":198,"column":58}},"104":{"start":{"line":199,"column":5},"end":{"line":199,"column":18}},"105":{"start":{"line":200,"column":5},"end":{"line":200,"column":44}},"106":{"start":{"line":203,"column":5},"end":{"line":203,"column":31}},"107":{"start":{"line":207,"column":2},"end":{"line":211,"column":4}},"108":{"start":{"line":208,"column":3},"end":{"line":208,"column":45}},"109":{"start":{"line":209,"column":3},"end":{"line":209,"column":23}},"110":{"start":{"line":210,"column":3},"end":{"line":210,"column":95}},"111":{"start":{"line":210,"column":11},"end":{"line":210,"column":95}},"112":{"start":{"line":213,"column":2},"end":{"line":213,"column":46}},"113":{"start":{"line":214,"column":2},"end":{"line":219,"column":3}},"114":{"start":{"line":215,"column":3},"end":{"line":215,"column":68}},"115":{"start":{"line":218,"column":3},"end":{"line":218,"column":67}},"116":{"start":{"line":223,"column":1},"end":{"line":235,"column":2}},"117":{"start":{"line":224,"column":2},"end":{"line":224,"column":39}},"118":{"start":{"line":225,"column":2},"end":{"line":231,"column":3}},"119":{"start":{"line":226,"column":3},"end":{"line":226,"column":34}},"120":{"start":{"line":227,"column":3},"end":{"line":227,"column":51}},"121":{"start":{"line":230,"column":3},"end":{"line":230,"column":65}},"122":{"start":{"line":232,"column":2},"end":{"line":232,"column":36}},"123":{"start":{"line":233,"column":2},"end":{"line":233,"column":42}},"124":{"start":{"line":234,"column":2},"end":{"line":234,"column":40}},"125":{"start":{"line":238,"column":1},"end":{"line":286,"column":2}},"126":{"start":{"line":239,"column":2},"end":{"line":239,"column":45}},"127":{"start":{"line":240,"column":2},"end":{"line":240,"column":22}},"128":{"start":{"line":241,"column":2},"end":{"line":259,"column":3}},"129":{"start":{"line":241,"column":18},"end":{"line":241,"column":65}},"130":{"start":{"line":243,"column":3},"end":{"line":258,"column":4}},"131":{"start":{"line":244,"column":4},"end":{"line":257,"column":5}},"132":{"start":{"line":245,"column":5},"end":{"line":256,"column":6}},"133":{"start":{"line":246,"column":6},"end":{"line":246,"column":21}},"134":{"start":{"line":247,"column":6},"end":{"line":247,"column":75}},"135":{"start":{"line":250,"column":6},"end":{"line":250,"column":54}},"136":{"start":{"line":251,"column":6},"end":{"line":255,"column":7}},"137":{"start":{"line":252,"column":7},"end":{"line":252,"column":38}},"138":{"start":{"line":253,"column":7},"end":{"line":253,"column":37}},"139":{"start":{"line":254,"column":7},"end":{"line":254,"column":36}},"140":{"start":{"line":262,"column":2},"end":{"line":262,"column":15}},"141":{"start":{"line":263,"column":2},"end":{"line":285,"column":3}},"142":{"start":{"line":264,"column":3},"end":{"line":264,"column":56}},"143":{"start":{"line":265,"column":3},"end":{"line":265,"column":44}},"144":{"start":{"line":266,"column":3},"end":{"line":266,"column":82}},"145":{"start":{"line":266,"column":10},"end":{"line":266,"column":82}},"146":{"start":{"line":270,"column":3},"end":{"line":273,"column":4}},"147":{"start":{"line":271,"column":4},"end":{"line":271,"column":130}},"148":{"start":{"line":272,"column":4},"end":{"line":272,"column":32}},"149":{"start":{"line":275,"column":3},"end":{"line":278,"column":4}},"150":{"start":{"line":276,"column":4},"end":{"line":276,"column":127}},"151":{"start":{"line":277,"column":4},"end":{"line":277,"column":30}},"152":{"start":{"line":281,"column":3},"end":{"line":281,"column":52}},"153":{"start":{"line":282,"column":3},"end":{"line":282,"column":48}},"154":{"start":{"line":283,"column":3},"end":{"line":283,"column":33}},"155":{"start":{"line":284,"column":3},"end":{"line":284,"column":41}},"156":{"start":{"line":284,"column":10},"end":{"line":284,"column":41}},"157":{"start":{"line":289,"column":1},"end":{"line":303,"column":2}},"158":{"start":{"line":290,"column":2},"end":{"line":290,"column":15}},"159":{"start":{"line":291,"column":2},"end":{"line":301,"column":3}},"160":{"start":{"line":291,"column":19},"end":{"line":291,"column":64}},"161":{"start":{"line":293,"column":3},"end":{"line":293,"column":56}},"162":{"start":{"line":295,"column":3},"end":{"line":295,"column":45}},"163":{"start":{"line":296,"column":3},"end":{"line":296,"column":39}},"164":{"start":{"line":297,"column":3},"end":{"line":300,"column":4}},"165":{"start":{"line":298,"column":4},"end":{"line":298,"column":58}},"166":{"start":{"line":299,"column":4},"end":{"line":299,"column":20}},"167":{"start":{"line":302,"column":2},"end":{"line":302,"column":13}},"168":{"start":{"line":306,"column":1},"end":{"line":353,"column":2}},"169":{"start":{"line":307,"column":2},"end":{"line":352,"column":3}},"170":{"start":{"line":307,"column":18},"end":{"line":307,"column":63}},"171":{"start":{"line":309,"column":3},"end":{"line":309,"column":68}},"172":{"start":{"line":312,"column":3},"end":{"line":312,"column":69}},"173":{"start":{"line":313,"column":3},"end":{"line":313,"column":14}},"174":{"start":{"line":314,"column":3},"end":{"line":316,"column":4}},"175":{"start":{"line":315,"column":4},"end":{"line":315,"column":56}},"176":{"start":{"line":317,"column":3},"end":{"line":317,"column":19}},"177":{"start":{"line":318,"column":3},"end":{"line":318,"column":18}},"178":{"start":{"line":319,"column":3},"end":{"line":319,"column":34}},"179":{"start":{"line":320,"column":3},"end":{"line":320,"column":122}},"180":{"start":{"line":320,"column":92},"end":{"line":320,"column":122}},"181":{"start":{"line":322,"column":3},"end":{"line":329,"column":4}},"182":{"start":{"line":323,"column":4},"end":{"line":328,"column":5}},"183":{"start":{"line":324,"column":5},"end":{"line":324,"column":31}},"184":{"start":{"line":325,"column":5},"end":{"line":326,"column":47}},"185":{"start":{"line":325,"column":41},"end":{"line":325,"column":62}},"186":{"start":{"line":326,"column":10},"end":{"line":326,"column":47}},"187":{"start":{"line":327,"column":5},"end":{"line":327,"column":11}},"188":{"start":{"line":331,"column":3},"end":{"line":351,"column":4}},"189":{"start":{"line":333,"column":4},"end":{"line":333,"column":49}},"190":{"start":{"line":334,"column":4},"end":{"line":334,"column":16}},"191":{"start":{"line":335,"column":4},"end":{"line":340,"column":5}},"192":{"start":{"line":336,"column":5},"end":{"line":336,"column":64}},"193":{"start":{"line":337,"column":5},"end":{"line":339,"column":6}},"194":{"start":{"line":338,"column":6},"end":{"line":338,"column":38}},"195":{"start":{"line":342,"column":4},"end":{"line":350,"column":5}},"196":{"start":{"line":343,"column":5},"end":{"line":343,"column":25}},"197":{"start":{"line":346,"column":5},"end":{"line":346,"column":44}},"198":{"start":{"line":347,"column":5},"end":{"line":349,"column":6}},"199":{"start":{"line":348,"column":6},"end":{"line":348,"column":43}},"200":{"start":{"line":356,"column":1},"end":{"line":392,"column":2}},"201":{"start":{"line":357,"column":2},"end":{"line":391,"column":3}},"202":{"start":{"line":357,"column":18},"end":{"line":357,"column":63}},"203":{"start":{"line":359,"column":3},"end":{"line":359,"column":67}},"204":{"start":{"line":362,"column":3},"end":{"line":362,"column":19}},"205":{"start":{"line":363,"column":3},"end":{"line":363,"column":18}},"206":{"start":{"line":364,"column":3},"end":{"line":371,"column":4}},"207":{"start":{"line":365,"column":4},"end":{"line":370,"column":5}},"208":{"start":{"line":366,"column":5},"end":{"line":366,"column":31}},"209":{"start":{"line":367,"column":5},"end":{"line":368,"column":47}},"210":{"start":{"line":367,"column":41},"end":{"line":367,"column":62}},"211":{"start":{"line":368,"column":10},"end":{"line":368,"column":47}},"212":{"start":{"line":369,"column":5},"end":{"line":369,"column":11}},"213":{"start":{"line":373,"column":3},"end":{"line":390,"column":4}},"214":{"start":{"line":375,"column":4},"end":{"line":379,"column":5}},"215":{"start":{"line":376,"column":5},"end":{"line":378,"column":6}},"216":{"start":{"line":377,"column":6},"end":{"line":377,"column":43}},"217":{"start":{"line":381,"column":4},"end":{"line":389,"column":5}},"218":{"start":{"line":382,"column":5},"end":{"line":382,"column":24}},"219":{"start":{"line":385,"column":5},"end":{"line":385,"column":43}},"220":{"start":{"line":386,"column":5},"end":{"line":388,"column":6}},"221":{"start":{"line":387,"column":6},"end":{"line":387,"column":38}},"222":{"start":{"line":395,"column":1},"end":{"line":429,"column":2}},"223":{"start":{"line":396,"column":2},"end":{"line":428,"column":3}},"224":{"start":{"line":396,"column":18},"end":{"line":396,"column":63}},"225":{"start":{"line":401,"column":3},"end":{"line":401,"column":19}},"226":{"start":{"line":402,"column":3},"end":{"line":402,"column":18}},"227":{"start":{"line":403,"column":3},"end":{"line":410,"column":4}},"228":{"start":{"line":404,"column":4},"end":{"line":409,"column":5}},"229":{"start":{"line":405,"column":5},"end":{"line":405,"column":31}},"230":{"start":{"line":406,"column":5},"end":{"line":407,"column":47}},"231":{"start":{"line":406,"column":41},"end":{"line":406,"column":62}},"232":{"start":{"line":407,"column":10},"end":{"line":407,"column":47}},"233":{"start":{"line":408,"column":5},"end":{"line":408,"column":11}},"234":{"start":{"line":412,"column":3},"end":{"line":427,"column":4}},"235":{"start":{"line":413,"column":4},"end":{"line":417,"column":5}},"236":{"start":{"line":414,"column":5},"end":{"line":416,"column":6}},"237":{"start":{"line":415,"column":6},"end":{"line":415,"column":41}},"238":{"start":{"line":419,"column":4},"end":{"line":426,"column":5}},"239":{"start":{"line":422,"column":5},"end":{"line":422,"column":42}},"240":{"start":{"line":423,"column":5},"end":{"line":425,"column":6}},"241":{"start":{"line":424,"column":6},"end":{"line":424,"column":49}},"242":{"start":{"line":435,"column":0},"end":{"line":493,"column":2}},"243":{"start":{"line":436,"column":1},"end":{"line":436,"column":17}},"244":{"start":{"line":437,"column":1},"end":{"line":437,"column":74}},"245":{"start":{"line":439,"column":1},"end":{"line":439,"column":118}},"246":{"start":{"line":439,"column":53},"end":{"line":439,"column":118}},"247":{"start":{"line":441,
[...]
 be used by other requests in the future. Default = false","\tkeepAliveMsecs: {Integer} When using HTTP KeepAlive, how often to send TCP KeepAlive packets over sockets being kept alive. ","\t\tDefault = 1000. Only relevant if keepAlive is set to true.","\t","\tPlus my \"options\" values:","\t-----------------------------------------------------------------","\tquiet: If true will not print to logger. Defaults false.","\ttls: Iff false will use http instead of https. Defaults true.","\ttimeout: Integer in milliseconds to time out requests. Defaults 20,000","\tinclude_headers: If true the response argument will be {\"response\":<response>, \"headers\":<headers>} ","*/","","var https_mod = require('https');","var http_mod = require('http');","var querystring = require('querystring');","var default_options = \t{","\t\t\t\t\t\t\tquiet: false,","\t\t\t\t\t\t\ttls: true,","\t\t\t\t\t\t\ttimeout: 20000,","\t\t\t\t\t\t\tinclude_headers: false","\t\t\t\t\t\t};","var logger = {log: console.log, error: console.error, debug: console.log, warn: console.log};","","//is the obj empty or not","function isEmpty(obj) {","\tfor(var prop in obj) {","\t\tif(obj.hasOwnProperty(prop))","\t\t\treturn false;","\t}","\treturn true;","}","","//merge fields in obj B to obj A only if they don't exist in obj A","function mergeBtoA(b, a){","\tfor(var i in b){","\t\tif(a[i] === undefined) {","\t\t\ta[i] = JSON.parse(JSON.stringify(b[i]));","\t\t}","\t}","\treturn a;","}","","//main http request builder/handler/thingy","function http_req(options, query_params, body, attempt, cb){","\tvar acceptJson = false, http, http_txt = '', request = null, formatted_body = null;","\tvar ids = 'abcdefghijkmnopqrstuvwxyz';","\tvar id = ids[Math.floor(Math.random() * ids.length)];\t\t\t\t\t\t\t\t//random letter to help id calls when there are multiple rest calls","\tvar cb_fired = false;","\t","\tif(!attempt || isNaN(attempt)) attempt = 1;\t\t\t\t\t\t\t\t\t\t\t//defaults to attempt # 1","\toptions = mergeBtoA(default_options, options);","\t","\t// ----- Handle Call Back ----- //","\tfunction call_cb(ret){","\t\tif(cb_fired === false){\t\t\t\t\t\t\t\t\t\t\t\t\t\t\t//only call cb once!","\t\t\tcb_fired = true;","\t\t\tif(options.include_headers) ret.msg = {response:ret.msg, headers: ret.headers};","\t\t\tif(ret.code <= 399 && ret.code !== 302) ret.code = null;","\t\t\tif(cb) cb(ret.code, ret.msg);\t\t\t\t\t\t\t\t\t\t\t\t//1st arg is error status code, null if no error code","\t\t\treturn;","\t\t}","\t}","","\t// ---- Pick HTTP vs HTTPS ---- //","\tif(options.ssl === false || options.tls === false) {","\t\thttp = http_mod;\t\t\t\t\t\t\t\t\t\t\t\t\t\t\t\t//if options.tls === false use http","\t\thttp_txt = '[http ' + options.method + ' - ' + id + ']';","\t}","\telse{\t\t\t\t\t\t\t\t\t\t\t\t\t\t\t\t\t\t\t\t//else use https","\t\thttp = https_mod;","\t\thttp_txt = '[https ' + options.method + ' - ' + id + ']';","\t}","","\tif(!options.quiet) logger.debug(http_txt + ' ' + options.host + ':' + options.port);","\tif(!options.quiet) logger.debug(http_txt + ' ' + options.path);","\t","\t// ---- Sanitize Inputs ---- //","\tif(!options.headers) options.headers = {};","\tfor(var i in options.headers) {\t\t\t\t\t\t\t\t\t\t\t\t\t\t//convert all header keys to lower-case for easier parsing","\t\tvar temp = options.headers[i];","\t\tdelete options.headers[i];","\t\tif(temp != null){","\t\t\toptions.headers[i.toLowerCase()] = temp;","\t\t}","\t}","\t","\tif(typeof body === 'object' && body != null){","\t\toptions.headers['content-type'] = 'application/json';","\t\tformatted_body = JSON.stringify(body);\t\t\t\t\t\t\t\t\t\t\t\t\t//stringify body","\t}","\telse formatted_body = body;","\t","\tif(options.headers.accept && options.headers.accept.indexOf('json') >= 0) acceptJson = true;","\tif(query_params && typeof query_params === 'object') options.path += '?' + querystring.stringify(query_params);","","\tif(formatted_body) options.headers['content-length'] = Buffer.byteLength(formatted_body);","\telse if(options.headers['content-length']) delete options.headers['content-length'];\t\t//we don't need you","","\tif(!options.quiet && options.method.toLowerCase() !== 'get') logger.debug('  body:', formatted_body);","\t\t","\t// --------- Handle Request --------- //","\trequest = http.request(options, function(resp) {","\t\tvar str = '', chunks = 0;","\t\tif(!options.quiet) logger.debug(http_txt + ' Status code: ' + resp.statusCode);","\t\t","\t\tresp.setEncoding('utf8');","\t\tresp.on('data', function(chunk) {\t\t\t\t\t\t\t\t\t\t\t\t\t\t//merge chunks of request","\t\t\tstr += chunk;","\t\t\tchunks++;","\t\t});","\t\tresp.on('end', function() {\t\t\t\t\t\t\t\t\t\t\t\t\t\t\t\t//wait for end before decision","\t\t\tvar ret = \t{","\t\t\t\t\t\t\tcode: resp.statusCode,","\t\t\t\t\t\t\theaders: resp.headers,","\t\t\t\t\t\t\tmsg: str","\t\t\t\t\t\t};","","\t\t\t// --------- Process Response - Debug Msgs --------- //","\t\t\tif(resp.statusCode == 204){\t\t\t\t\t\t\t\t\t\t\t\t\t\t\t//empty response, don't parse body","\t\t\t\tif(!options.quiet) logger.debug(http_txt + ' Data: No Content');","\t\t\t}","\t\t\telse if(resp.statusCode === 302){\t\t\t\t\t\t\t\t\t\t\t\t\t//redirect","\t\t\t\tif(!options.quiet) logger.error(http_txt + ' Error - got a redirect, not what we want');","\t\t\t}","\t\t\telse if(resp.statusCode >= 200 && resp.statusCode <= 399){\t\t\t\t\t\t\t//valid status codes","\t\t\t\tif(acceptJson){","\t\t\t\t\ttry{","\t\t\t\t\t\tret.msg = JSON.parse(str);\t\t\t\t\t\t\t\t\t\t\t\t//all good [json resp]","\t\t\t\t\t}","\t\t\t\t\tcatch(e){","\t\t\t\t\t\tif(!options.quiet) logger.error(http_txt + ' Error - response is not JSON: ', str);","\t\t\t\t\t\tret.code = 500;","\t\t\t\t\t\tret.msg = 'Invalid JSON response: ' + str;","\t\t\t\t\t}","\t\t\t\t}","\t\t\t\telse {\t\t\t\t\t\t\t\t\t\t\t\t\t\t\t\t\t\t\t//all good [not json resp]","\t\t\t\t\tif(!options.quiet) logger.debug(http_txt + ' Data:', str);","\t\t\t\t}","\t\t\t}","\t\t\telse {\t\t\t\t\t\t\t\t\t\t\t\t\t\t\t\t\t\t\t\t//invalid status codes","\t\t\t\tif(!options.quiet) logger.error(http_txt + ' Error - status code: ' + resp.statusCode, str);","\t\t\t\tif(acceptJson){","\t\t\t\t\ttry{","\t\t\t\t\t\tret.msg = JSON.parse(str);\t\t\t\t\t\t\t\t\t\t\t\t//attempt to parse error for JSON","\t\t\t\t\t}","\t\t\t\t\tcatch(e){}","\t\t\t\t}","\t\t\t}","","\t\t\t// --------- Call CallBack --------- //","\t\t\treturn call_cb(ret);","\t\t});","\t});","\t","\t// --------- Handle Request Errors --------- //","\trequest.on('error', function(e) {\t\t\t\t\t\t\t\t\t\t\t\t\t\t\t//handle error event","\t\tif(e.code === 'ECONNRESET' && attempt <= 3) {\t\t\t\t\t\t\t\t\t\t\t//try ECONNRESETs again","\t\t\tif(cb_fired === false){","\t\t\tlogger.warn(http_txt + ' Warning - detected ECONNRESET, will try HTTP req again. attempt:' + attempt);","\t\t\tattempt++;","\t\t\t\tcb_fired = true;\t\t\t\t\t\t\t\t\t\t\t\t\t\t\t\t\t//set this just in case","\t\t\t\tsetTimeout(function(){ http_req(options, query_params, body, attempt, cb); }, 250 * Math.pow(2, attempt+1));","\t\t\t}","\t\t\treturn;","\t\t}","\t\telse {","\t\t\tif(!options.quiet) logger.error(http_txt + ' Error - unknown issue with request: ', e);//catch failed request (failed DNS lookup and such)","\t\t\treturn call_cb({code: 500, headers: null, msg: e});","\t\t}","\t});","\t","\t// --------- Handle Request Timeouts --------- //","\trequest.setTimeout(Number(options.timeout) || default_options.timeout);","\trequest.on('timeout', function(){\t\t\t\t\t\t\t\t\t\t\t\t\t\t\t//handle time out events","\t\tif(!options.quiet) logger.error(http_txt + ' Error - request timed out');","\t\treturn call_cb({code: 408, headers: null, msg: 'Request timed out'});","\t});","\t","\t// ----- Body ----- //","\tif(formatted_body && formatted_body !== '' && !isEmpty(formatted_body)){","\t\trequest.write(formatted_body);","\t}","\trequest.end();\t\t\t\t\t\t\t\t\t\t\t\t\t\t\t\t\t\t\t\t//send the request","}","","//load new default option values","module.exports.init = function(opt, log_outputs){","\tfor(var i in opt){","\t\tdefault_options[i] = JSON.parse(JSON.stringify(opt[i]));","\t}","\t","\tif(log_outputs && log_outputs.info) logger.log = log_outputs.info;\t\t//send normal logs here","\tif(log_outputs && log_outputs.error) logger.error = log_outputs.error;\t//send error logs here","\tif(log_outputs && log_outputs.warn) logger.warn = log_outputs.warn;\t\t//send warn logs here","\tif(log_outputs && log_outputs.debug) logger.debug = log_outputs.debug;\t//send debug logs here","};","","//http post","module.exports.post = function (l_options, query_params, body, cb){","\tl_options.method = 'POST';","\thttp_req(l_options, query_params, body, 1 , cb);","};","","//http put","module.exports.put = function (l_options, query_params, body, cb){","\tl_options.method = 'PUT';","\thttp_req(l_options, query_params, body, 1 , cb);","};","","//http delete","module.exports.delete = function (l_options, query_params, body, cb){","\tl_options.method = 'DELETE';","\thttp_req(l_options, query_params, body, 1 , cb);","};","","//http get","module.exports.get = function (l_options, query_params, cb){","\tl_options.method = 'GET';","\thttp_req(l_options, query_params, null, 1 , cb);","};","","//http head","module.exports.head = function (l_options, query_params, cb){","\tl_options.method = 'HEAD';","\thttp_req(l_options, query_params, null, 1 , cb);","};",""],"l":{"57":1,"58":1,"59":1,"60":1,"66":1,"69":1,"70":0,"71":0,"72":0,"74":0,"78":1,"79":0,"80":0,"81":0,"84":0,"88":1,"89":0,"90":0,"91":0,"92":0,"94":0,"95":0,"98":1,"99":0,"100":0,"101":0,"102":0,"103":0,"104":0,"109":0,"110":0,"111":0,"114":0,"115":0,"118":0,"119":0,"122":0,"123":0,"124":0,"125":0,"126":0,"127":0,"131":0,"132":0,"133":0,"135":0,"137":0,"138":0,"140":0,"141":0,"143":0,"146":0,"147":0,"148":0,"150":0,"151":0,"152":0,"153":0,"155":0,"156":0,"163":0,"164":0,"166":0,"167":0,"169":0,"170":0,"171":0,"172":0,"175":0,"176":0,"177":0,"181":0,"185":0,"186":0,"187":0,"188":0,"195":0,"200":0,"201":0,"202":0,"203":0,"204":0,"205":0,"206":0,"208":0,"211":0,"212":0,"217":0,"218":0,"219":0,"220":0,"224":0,"225":0,"227":0,"231":1,"232":0,"233":0,"236":0,"237":0,"238":0,"239":0,"243":1,"244":0,"245":0,"249":1,"250":0,"251":0,"255":1,"256":0,"257":0,"261":1,"262":0,"263":0,"267":1,"268":0,"269":0}},"/home/travis/build/npmtest/node-npmtest-ibm-blockchain-js/node_modules/ibm-blockchain-js/lib/helper.js":{"path":"/home/travis/build/npmtest/node-npmtest-ibm-blockchain-js/node_modules/ibm-blockchain-js/lib/helper.js","s":{"1":1,"2":1,"3":1,"4":1,"5":0,"6":1,"7":0,"8":0,"9":0,"10":0,"11":0,"12":1,"13":0,"14":0,"15":0,"16":0,"17":0,"18":0,"19":0,"20":0,"21":0,"22":0,"23":0,"24":0,"25":0,"26":0,"27":0,"28":0,"29":0,"30":0,"31":0,"32":0,"33":0,"34":0,"35":0,"36":0,"37":0,"38":0,"39":0,"40":0},"b":{"1":[0,0],"2":[0,0],"3":[0,0,0],"4":[0,0],"5":[0,0],"6":[0,0],"7":[0,0],"8":[0,0],"9":[0,0],"10":[0,0],"11":[0,0],"12":[0,0]},"f":{"1":0,"2":0,"3":0,"4":0,"5":0,"6":0,"7":0,"8":0,"9":0},"fnMap":{"1":{"name":"eFmt","line":15,"loc":{"start":{"line":15,"column":22},"end":{"line":15,"column":56}}},"2":{"name":"(anonymous_2)","line":27,"loc":{"start":{"line":27,"column":30},"end":{"line":27,"column":45}}},"3":{"name":"(anonymous_3)","line":40,"loc":{"start":{"line":40,"column":29},"end":{"line":40,"column":46}}},"4":{"name":"(anonymous_4)","line":42,"loc":{"start":{"line":42,"column":17},"end":{"line":42,"column":39}}},"5":{"name":"(anonymous_5)","line":47,"loc":{"start":{"line":47,"column":21},"end":{"line":47,"column":41}}},"6":{"name":"(anonymous_6)","line":49,"loc":{"start":{"line":49,"column":18},"end":{"line":49,"column":38}}},"7":{"name":"(anonymous_7)","line":59,"loc":{"start":{"line":59,"column":22},"end":{"line":59,"column":36}}},"8":{"name":"(anonymous_8)","line":70,"loc":{"start":{"line":70,"column":6},"end":{"line":70,"column":21}}},"9":{"name":"(anonymous_9)","line":75,"loc":{"start":{"line":75,"column":18},"end":{"line":75,"column":33}}}},"statementMap":{"1":{"start":{"line":8,"column":0},"end":{"line":8,"column":23}},"2":{"start":{"line":9,"column":0},"end":{"line":9,"column":29}},"3":{"start":{"line":10,"column":0},"end":{"line":10,"column":27}},"4":{"start":{"line":15,"column":0},"end":{"line":21,"column":2}},"5":{"start":{"line":16,"column":1},"end":{"line":20,"column":3}},"6":{"start":{"line":27,"column":0},"end":{"line":35,"column":2}},"7":{"start":{"line":28,"column":1},"end":{"line":28,"column":22}},"8":{"start":{"line":29,"column":1},"end":{"line":33,"column":2}},"9":{"start":{"line":30,"column":2},"end":{"line":32,"column":3}},"10":{"start":{"line":31,"column":3},"end":{"line":31,"column":30}},"11":{"start":{"line":34,"column":1},"end":{"line":34,"column":20}},"12":{"start":{"line":40,"column":0},"end":{"line":82,"column":2}},"13":{"start":{"line":42,"column":1},"end":{"line":81,"column":4}},"14":{"start":{"line":43,"column":2},"end":{"line":80,"column":3}},"15":{"start":{"line":44,"column":3},"end":{"line":44,"column":8}},"16":{"start":{"line":47,"column":3},"end":{"line":79,"column":6}},"17":{"start":{"line":48,"column":4},"end":{"line":48,"column":32}},"18":{"start":{"line":49,"column":4},"end":{"line":69,"column":7}},"19":{"start":{"line":50,"column":5},"end":{"line":53,"column":6}},"20":{"start":{"line":51,"column":6},"end":{"line":51,"column":21}},"21":{"start":{"line":51,"column":13},"end":{"line":51,"column":21}},"22":{"start":{"line":52,"column":6},"end":{"line":52,"column":13}},"23":{"start":{"line":54,"column":5},"end":{"line":68,"column":6}},"24":{"start":{"line":55,"column":6},"end":{"line":55,"column":43}},"25":{"start":{"line":59,"column":6},"end":{"line":67,"column":9}},"26":{"start":{"line":60,"column":7},"end":{"line":63,"column":8}},"27":{"start":{"line":61,"column":8},"end":{"line":61,"column":23}},"28":{"start":{"line":61,"column":15},"end":{"line":61,"column":23}},"29":{"start":{"line":62,"column":8},"end":{"line":62,"column":15}},"30":{"start":{"line":65,"column":7},"end":{"line":65,"column":19}},"31":{"start":{"line":65,"column":14},"end":{"line":65,"column":19}},"32":{"start":{"line":66,"column":7},"end":{"line":66,"column":14}},"33":{"start":{"line":71,"column":4},"end":{"line":74,"column":5}},"34":{"start":{"line":72,"column":5},"end":{"line":72,"column":20}},"35":{"start":{"line":72,"column":12},"end":{"line":72,"column":20}},"36":{"start":{"line":73,"column":5},"end":{"line":73,"column":12}},"37":{"start":{"line":75,"column":4},"end":{"line":78,"column":7}},"38":{"start":{"line":76,"column":5},"end":{"line":76,"column":20}},"39":{"start":{"line":76,"column":12},"end":{"line":76,"column":20}},"40":{"start":{"line":77,"column":5},"end":{"line":77,"column":12}}},"branchMap":{"1":{"line":30,"type":"if","locations":[{"start":{"line":30,"column":2},"end":{"line":30,"column":2}},{"start":{"line":30,"column":2},"end":{"line":30,"column":2}}]},"2":{"line":43,"type":"if","locations":[{"start":{"line":43,"column":2},"end":{"line":43,"column":2}},{"start":{"line":43,"column":2},"end":{"line":43,"column":2}}]},"3":{"line":43,"type":"binary-expr","locations":[{"start":{"line":43,"column":5},"end":{"line":43,"column":16}},{"start":{"line":43,"column":20},"end":{"line":43,"column":26}},{"start":{"line":43,"column":30},"end":{"line":43,"column":48}}]},"4":{"line":50,"type":"if","locations":[{"start":{"line":50,"column":5},"end":{"line":50,"column":5}},{"start":{"line":50,"column":5},"end":{"line":50,"column":5}}]},"5":{"line":51,"type":"if","locations":[{"start":{"line":51,"column":6},"end":{"line":51,"column":6}},{"start":{"line":51,"column":6},"end":{"line":51,"column":6}}]},"6":{"line":54,"type":"if","locations":[{"start":{"line":54,"column":5},"end":{"line":54,"column":5}},{"start":{"line":54,"column":5},"end":{"line":54,"column":5}}]},"7":{"line":60,"type":"if","locations":[{"start":{"line":60,"column":7},"end":{"line":60,"column":7}},{"start":{"line":60,"column":7},"end":{"line":60,"column":7}}]},"8":{"line":61,"type":"if","locations":[{"start":{"line":61,"column":8},"end":{"line":61,"column":8}},{"start":{"line":61,"column":8},"end":{"line":61,"column":8}}]},"9":{"line":65,"type":"if","locations":[{"start":{"line":65,"column":7},"end":{"line":65,"column":7}},{"start":{"line":65,"column":7},"end":{"line":65,"column":7}}]},"10":{"line":71,"type":"if","locations":[{"start":{"line":71,"column":4},"end":{"line":71,"column":4}},{"start":{"line":71,"column":4},"end":{"line":71,"column":4}}]},"11":{"line":72,"type":"if","locations":[{"start":{"line":72,"column":5},"end":{"line":72,"column":5}},{"start":{"line":72,"column":5},"end":{"line":72,"column":5}}]},"12":{"line":76,"type":"if","locations":[{"start":{"line":76,"column":5},"end":{"line":76,"column":5}},{"start":{"line":76,"column":5},"end":{"line":76,"column":5}}]}},"code":["'use strict';","/*******************************************************************************"," * Copyright (c) 2016 IBM Corp."," *"," * All rights reserved."," * "," *******************************************************************************/","var fs = require('fs');","var async = require('async');","var path = require('path');","","//==================================================================","//eFmt() - format errors","//==================================================================","module.exports.eFmt = function eFmt(name, code, details){\t\t\t\t\t\t\t//my error format","\treturn \t{","\t\tname: String(name),\t\t\t\t\t\t\t\t\t\t\t\t\t\t\t//error short name","\t\tcode: Number(code),\t\t\t\t\t\t\t\t\t\t\t\t\t\t\t//http code when applicable","\t\tdetails: details\t\t\t\t\t\t\t\t\t\t\t\t\t\t\t//error description","\t};","};","","","//==================================================================","//filter_users() - return only client level enrollId - [1=client, 2=nvp, 4=vp, 8=auditor accurate as of 2/18]","//==================================================================","module.exports.filter_users = function(users){\t\t\t\t\t\t\t\t\t\t//this is only needed in a permissioned network","\tvar valid_users = [];","\tfor(var i = 0; i < users.length; i++) {","\t\tif(users[i].enrollId.indexOf('user_type1') === 0){\t\t\t\t\t\t\t//type should be 1 for client","\t\t\tvalid_users.push(users[i]);","\t\t}","\t}","\treturn valid_users;","};","","// ============================================================================================================================","//removeThing() - clear the temp directory","// ============================================================================================================================","module.exports.removeThing = function(dir, cb){","\t//console.log('!', dir);","\tfs.readdir(dir, function (err, files) {","\t\tif(err != null || !files || files.length === 0){","\t\t\tcb();","\t\t}","\t\telse{","\t\t\tasync.each(files, function (file, cb) {\t\t\t\t\t\t\t//over each thing","\t\t\t\tfile = path.join(dir, file);","\t\t\t\tfs.stat(file, function(err, stat) {","\t\t\t\t\tif (err) {","\t\t\t\t\t\tif(cb) cb(err);","\t\t\t\t\t\treturn;","\t\t\t\t\t}","\t\t\t\t\tif (stat.isDirectory()) {","\t\t\t\t\t\tmodule.exports.removeThing(file, cb);\t\t\t\t//keep going","\t\t\t\t\t}","\t\t\t\t\telse {","\t\t\t\t\t\t//console.log('!', dir);","\t\t\t\t\t\tfs.unlink(file, function(err) {","\t\t\t\t\t\t\tif (err) {","\t\t\t\t\t\t\t\tif(cb) cb(err);","\t\t\t\t\t\t\t\treturn;","\t\t\t\t\t\t\t}","\t\t\t\t\t\t\t//console.log('good', dir);","\t\t\t\t\t\t\tif(cb) cb();","\t\t\t\t\t\t\treturn;","\t\t\t\t\t\t});","\t\t\t\t\t}","\t\t\t\t});","\t\t\t}, function (err) {","\t\t\t\tif(err){","\t\t\t\t\tif(cb) cb(err);","\t\t\t\t\treturn;","\t\t\t\t}","\t\t\t\tfs.rmdir(dir, function (err) {","\t\t\t\t\tif(cb) cb(err);","\t\t\t\t\treturn;","\t\t\t\t});","\t\t\t});","\t\t}","\t});","};"],"l":{"8":1,"9":1,"10":1,"15":1,"16":0,"27":1,"28":0,"29":0,"30":0,"31":0,"34":0,"40":1,"42":0,"43":0,"44":0,"47":0,"48":0,"49":0,"50":0,"51":0,"52":0,"54":0,"55":0,"59":0,"60":0,"61":0,"62":0,"65":0,"66":0,"71":0,"72":0,"73":0,"75":0,"76":0,"77":0}}}